#
# There is insufficient memory for the Java Runtime Environment to continue.
# Native memory allocation (mmap) failed to map 67108864 bytes for G1 virtual space
# Possible reasons:
#   The system is out of physical RAM or swap space
#   The process is running with CompressedOops enabled, and the Java Heap may be blocking the growth of the native heap
# Possible solutions:
#   Reduce memory load on the system
#   Increase physical memory or swap space
#   Check if swap backing store is full
#   Decrease Java heap size (-Xmx/-Xms)
#   Decrease number of Java threads
#   Decrease Java thread stack sizes (-Xss)
#   Set larger code cache with -XX:ReservedCodeCacheSize=
#   JVM is running with Unscaled Compressed Oops mode in which the Java heap is
#     placed in the first 4GB address space. The Java Heap base address is the
#     maximum limit for the native heap growth. Please use -XX:HeapBaseMinAddress
#     to set the Java Heap base and to place the Java Heap above 4GB virtual address.
# This output file may be truncated or incomplete.
#
#  Out of Memory Error (./open/src/hotspot/os/windows/os_windows.cpp:3472), pid=4472, tid=5368
#
# JRE version:  (15.0.1+9) (build )
# Java VM: Java HotSpot(TM) 64-Bit Server VM (15.0.1+9-18, mixed mode, sharing, tiered, compressed oops, g1 gc, windows-amd64)
# No core dump will be written. Minidumps are not enabled by default on client versions of Windows
#

---------------  S U M M A R Y ------------

Command Line: -Dfile.encoding=windows-1251 -Duser.country=RU -Duser.language=ru -Duser.variant StartGame

Host: Intel(R) Core(TM) i5-3210M CPU @ 2.50GHz, 4 cores, 3G,  Windows 10 , 64 bit Build 19041 (10.0.19041.292)
Time: Mon Dec 14 20:07:32 2020 Египетское время (зима) elapsed time: 0.017158 seconds (0d 0h 0m 0s)

---------------  T H R E A D  ---------------

Current thread (0x0000018c9a751ac0):  JavaThread "Unknown thread" [_thread_in_vm, id=5368, stack(0x00000058ee400000,0x00000058ee500000)]

Stack: [0x00000058ee400000,0x00000058ee500000]
Native frames: (J=compiled Java code, j=interpreted, Vv=VM code, C=native code)
V  [jvm.dll+0x62ae9a]
V  [jvm.dll+0x781389]
V  [jvm.dll+0x782ae3]
V  [jvm.dll+0x783143]
V  [jvm.dll+0x216265]
V  [jvm.dll+0x6281d9]
V  [jvm.dll+0x61cd15]
V  [jvm.dll+0x2d01fd]
V  [jvm.dll+0x2d0062]
V  [jvm.dll+0x2d603c]
V  [jvm.dll+0x325b2a]
V  [jvm.dll+0x3251f4]
V  [jvm.dll+0x2a717a]
V  [jvm.dll+0x2a8318]
V  [jvm.dll+0x75e101]
V  [jvm.dll+0x3343e4]
V  [jvm.dll+0x73e826]
V  [jvm.dll+0x3b7777]
V  [jvm.dll+0x3b9201]
C  [jli.dll+0x52fb]
C  [ucrtbase.dll+0x21542]
C  [KERNEL32.DLL+0x16fd4]
C  [ntdll.dll+0x4cec1]


---------------  P R O C E S S  ---------------

Threads class SMR info:
_java_thread_list=0x00007ffb8d674ff0, length=0, elements={
}

Java Threads: ( => current thread )

Other Threads:
  0x0000018c9a77c920 GCTaskThread "GC Thread#0" [stack: 0x00000058ee500000,0x00000058ee600000] [id=6872]
  0x0000018c9a787660 ConcurrentGCThread "G1 Main Marker" [stack: 0x00000058ee600000,0x00000058ee700000] [id=3212]
  0x0000018c9a788160 ConcurrentGCThread "G1 Conc#0" [stack: 0x00000058ee700000,0x00000058ee800000] [id=3756]

[error occurred during error reporting (printing all threads), id 0xc0000005, EXCEPTION_ACCESS_VIOLATION (0xc0000005) at pc=0x00007ffb8ce68047]

VM state: not at safepoint (not fully initialized)

VM Mutex/Monitor currently owned by a thread:  ([mutex/lock_event])
[0x0000018c9a74e4f0] Heap_lock - owner thread: 0x0000018c9a751ac0

Heap address: 0x00000000c1a00000, size: 998 MB, Compressed Oops mode: 32-bit
CDS archive(s) mapped at: [0x0000000000000000-0x0000000000000000-0x0000000000000000), size 0, SharedBaseAddress: 0x0000000800000000, ArchiveRelocationMode: 0.
Narrow klass base: 0x0000000000000000, Narrow klass shift: 0, Narrow klass range: 0x0

Heap:
 garbage-first heap   total 65536K, used 0K [0x00000000c1a00000, 0x0000000100000000)
  region size 1024K, 0 young (0K), 0 survivors (0K)
 Metaspace       used 0K, capacity 0K, committed 0K, reserved 0K
  class space    used 0K, capacity 0K, committed 0K, reserved 0K

Heap Regions: E=young(eden), S=young(survivor), O=old, HS=humongous(starts), HC=humongous(continues), CS=collection set, F=free, OA=open archive, CA=closed archive, TAMS=top-at-mark-start (previous, next)

Card table byte_map: [0x0000018cb1b90000,0x0000018cb1d90000] _byte_map_base: 0x0000018cb1583000

Marking Bits (Prev, Next): (CMBitMap*) 0x0000018c9a77f040, (CMBitMap*) 0x0000018c9a77f080
 Prev Bits: [0x0000018cb1f90000, 0x0000018cb2f28000)
 Next Bits: [0x0000018cb2f30000, 0x0000018cb3ec8000)

GC Heap History (0 events):
No events

Deoptimization events (0 events):
No events

Classes unloaded (0 events):
No events

Classes redefined (0 events):
No events

Internal exceptions (0 events):
No events

Events (1 events):
Event: 0.009 Loaded shared library C:\Program Files\Java\jdk-15.0.1\bin\java.dll


Dynamic libraries:
0x00007ff6b2e10000 - 0x00007ff6b2e1f000 	C:\Program Files\Java\jdk-15.0.1\bin\java.exe
0x00007ffbc13d0000 - 0x00007ffbc15c4000 	C:\Windows\SYSTEM32\ntdll.dll
0x00007ffbbf530000 - 0x00007ffbbf5ed000 	C:\Windows\System32\KERNEL32.DLL
0x00007ffbbeb20000 - 0x00007ffbbede7000 	C:\Windows\System32\KERNELBASE.dll
0x00007ffbbf2e0000 - 0x00007ffbbf3e0000 	C:\Windows\System32\ucrtbase.dll
0x00007ffbba6c0000 - 0x00007ffbba6d8000 	C:\Program Files\Java\jdk-15.0.1\bin\jli.dll
0x00007ffbbf860000 - 0x00007ffbbf90a000 	C:\Windows\System32\ADVAPI32.dll
0x00007ffbc1110000 - 0x00007ffbc11ae000 	C:\Windows\System32\msvcrt.dll
0x00007ffbc02a0000 - 0x00007ffbc033b000 	C:\Windows\System32\sechost.dll
0x00007ffbc11e0000 - 0x00007ffbc1303000 	C:\Windows\System32\RPCRT4.dll
0x00007ffbc0d10000 - 0x00007ffbc0eb0000 	C:\Windows\System32\USER32.dll
0x00007ffbbf110000 - 0x00007ffbbf132000 	C:\Windows\System32\win32u.dll
0x00007ffbc0eb0000 - 0x00007ffbc0eda000 	C:\Windows\System32\GDI32.dll
0x00007ffbbf000000 - 0x00007ffbbf10a000 	C:\Windows\System32\gdi32full.dll
0x00007ffbbf140000 - 0x00007ffbbf1dd000 	C:\Windows\System32\msvcp_win.dll
0x00007ffbb8fa0000 - 0x00007ffbb8fb9000 	C:\Program Files\Java\jdk-15.0.1\bin\VCRUNTIME140.dll
0x00007ffbaea20000 - 0x00007ffbaecba000 	C:\Windows\WinSxS\amd64_microsoft.windows.common-controls_6595b64144ccf1df_6.0.19041.1_none_b555e41d4684ddec\COMCTL32.dll
0x00007ffbaccb0000 - 0x00007ffbaccba000 	C:\Windows\SYSTEM32\VERSION.dll
0x00007ffbc11b0000 - 0x00007ffbc11e0000 	C:\Windows\System32\IMM32.DLL
0x00007ffbba6b0000 - 0x00007ffbba6bc000 	C:\Program Files\Java\jdk-15.0.1\bin\vcruntime140_1.dll
0x00007ffbb8c00000 - 0x00007ffbb8c91000 	C:\Program Files\Java\jdk-15.0.1\bin\msvcp140.dll
0x00007ffb8cbb0000 - 0x00007ffb8d70e000 	C:\Program Files\Java\jdk-15.0.1\bin\server\jvm.dll
0x00007ffbc0a80000 - 0x00007ffbc0a88000 	C:\Windows\System32\PSAPI.DLL
0x00007ffbba6a0000 - 0x00007ffbba6a9000 	C:\Windows\SYSTEM32\WSOCK32.dll
0x00007ffbb19c0000 - 0x00007ffbb19e7000 	C:\Windows\SYSTEM32\WINMM.dll
0x00007ffbc0b20000 - 0x00007ffbc0b8b000 	C:\Windows\System32\WS2_32.dll
0x00007ffbbcab0000 - 0x00007ffbbcac3000 	C:\Windows\SYSTEM32\kernel.appcore.dll
0x00007ffbb8fd0000 - 0x00007ffbb8fda000 	C:\Program Files\Java\jdk-15.0.1\bin\jimage.dll
0x00007ffbaca50000 - 0x00007ffbacc34000 	C:\Windows\SYSTEM32\DBGHELP.DLL
0x00007ffbaca20000 - 0x00007ffbaca4c000 	C:\Windows\SYSTEM32\dbgcore.DLL
0x00007ffbbf1e0000 - 0x00007ffbbf25f000 	C:\Windows\System32\bcryptPrimitives.dll
0x00007ffbb8bd0000 - 0x00007ffbb8bf5000 	C:\Program Files\Java\jdk-15.0.1\bin\java.dll

dbghelp: loaded successfully - version: 4.0.5 - missing functions: none
symbol engine: initialized successfully - sym options: 0x614 - pdb path: .;C:\Program Files\Java\jdk-15.0.1\bin;C:\Windows\SYSTEM32;C:\Windows\WinSxS\amd64_microsoft.windows.common-controls_6595b64144ccf1df_6.0.19041.1_none_b555e41d4684ddec;C:\Program Files\Java\jdk-15.0.1\bin\server

VM Arguments:
jvm_args: -Dfile.encoding=windows-1251 -Duser.country=RU -Duser.language=ru -Duser.variant 
java_command: StartGame
java_class_path (initial): C:\Users\Niko\AdventureTime_TheGame\build\classes\java\main;C:\Users\Niko\AdventureTime_TheGame\build\resources\main
Launcher Type: SUN_STANDARD

[Global flags]
     intx CICompilerCount                          = 3                                         {product} {ergonomic}
     uint ConcGCThreads                            = 1                                         {product} {ergonomic}
     uint G1ConcRefinementThreads                  = 4                                         {product} {ergonomic}
   size_t G1HeapRegionSize                         = 1048576                                   {product} {ergonomic}
    uintx GCDrainStackTargetSize                   = 64                                        {product} {ergonomic}
   size_t InitialHeapSize                          = 67108864                                  {product} {ergonomic}
   size_t MarkStackSize                            = 4194304                                   {product} {ergonomic}
   size_t MaxHeapSize                              = 1046478848                                {product} {ergonomic}
   size_t MinHeapDeltaBytes                        = 1048576                                   {product} {ergonomic}
   size_t MinHeapSize                              = 8388608                                   {product} {ergonomic}
    uintx NonNMethodCodeHeapSize                   = 5832780                                {pd product} {ergonomic}
    uintx NonProfiledCodeHeapSize                  = 122912730                              {pd product} {ergonomic}
    uintx ProfiledCodeHeapSize                     = 122912730                              {pd product} {ergonomic}
    uintx ReservedCodeCacheSize                    = 251658240                              {pd product} {ergonomic}
     bool SegmentedCodeCache                       = true                                      {product} {ergonomic}
   size_t SoftMaxHeapSize                          = 1046478848                             {manageable} {ergonomic}
     bool UseCompressedClassPointers               = true                                 {lp64_product} {ergonomic}
     bool UseCompressedOops                        = true                                 {lp64_product} {ergonomic}
     bool UseG1GC                                  = true                                      {product} {ergonomic}
     bool UseLargePagesIndividualAllocation        = false                                  {pd product} {ergonomic}

Logging:
Log output configuration:
 #0: stdout all=warning uptime,level,tags
 #1: stderr all=off uptime,level,tags

Environment Variables:
PATH=C:\Program Files\Common Files\Oracle\Java\javapath;C:\Windows\SYSTEM32;C:\Windows;C:\Windows\SYSTEM32\WBEM;C:\Windows\SYSTEM32\WINDOWSPOWERSHELL\V1.0\;C:\Windows\SYSTEM32\OPENSSH\;C:\Program Files\Git\cmd;C:\Users\Niko\AppData\Local\Microsoft\WindowsApps;C:\Users\Niko\AppData\Local\Programs\Microsoft VS Code\bin
USERNAME=Niko
OS=Windows_NT
PROCESSOR_IDENTIFIER=Intel64 Family 6 Model 58 Stepping 9, GenuineIntel



---------------  S Y S T E M  ---------------

OS:
 Windows 10 , 64 bit Build 19041 (10.0.19041.292)
OS uptime: 0 days 20:27 hours

CPU: total 4 (initial active 4) (2 cores per cpu, 2 threads per core) family 6 model 58 stepping 9 microcode 0x21, cmov, cx8, fxsr, mmx, sse, sse2, sse3, ssse3, sse4.1, sse4.2, popcnt, vzeroupper, avx, aes, clmul, erms, ht, tsc, tscinvbit, tscinv, clflush

Memory: 4k page, system-wide physical 3988M (383M free)
TotalPageFile size 3988M (AvailPageFile size 71M)
current process WorkingSet (physical memory assigned to process): 9M, peak: 9M
current process commit charge ("private bytes"): 51M, peak: 115M

vm_info: Java HotSpot(TM) 64-Bit Server VM (15.0.1+9-18) for windows-amd64 JRE (15.0.1+9-18), built on Sep 15 2020 14:43:54 by "mach5one" with unknown MS VC++:1925

END.
