#
# There is insufficient memory for the Java Runtime Environment to continue.
# Native memory allocation (malloc) failed to allocate 609056 bytes for Chunk::new
# Possible reasons:
#   The system is out of physical RAM or swap space
#   The process is running with CompressedOops enabled, and the Java Heap may be blocking the growth of the native heap
# Possible solutions:
#   Reduce memory load on the system
#   Increase physical memory or swap space
#   Check if swap backing store is full
#   Decrease Java heap size (-Xmx/-Xms)
#   Decrease number of Java threads
#   Decrease Java thread stack sizes (-Xss)
#   Set larger code cache with -XX:ReservedCodeCacheSize=
#   JVM is running with Unscaled Compressed Oops mode in which the Java heap is
#     placed in the first 4GB address space. The Java Heap base address is the
#     maximum limit for the native heap growth. Please use -XX:HeapBaseMinAddress
#     to set the Java Heap base and to place the Java Heap above 4GB virtual address.
# This output file may be truncated or incomplete.
#
#  Out of Memory Error (./open/src/hotspot/share/memory/arena.cpp:195), pid=1000, tid=6536
#
# JRE version: Java(TM) SE Runtime Environment (15.0.1+9) (build 15.0.1+9-18)
# Java VM: Java HotSpot(TM) 64-Bit Server VM (15.0.1+9-18, mixed mode, sharing, tiered, compressed oops, g1 gc, windows-amd64)
# No core dump will be written. Minidumps are not enabled by default on client versions of Windows
#

---------------  S U M M A R Y ------------

Command Line: --add-opens=java.base/java.util=ALL-UNNAMED --add-opens=java.base/java.lang=ALL-UNNAMED --add-opens=java.base/java.lang.invoke=ALL-UNNAMED --add-opens=java.prefs/java.util.prefs=ALL-UNNAMED -XX:MaxMetaspaceSize=256m -XX:+HeapDumpOnOutOfMemoryError -Xms256m -Xmx512m -Dfile.encoding=windows-1251 -Duser.country=RU -Duser.language=ru -Duser.variant org.gradle.launcher.daemon.bootstrap.GradleDaemon 6.7

Host: Intel(R) Core(TM) i5-3210M CPU @ 2.50GHz, 4 cores, 3G,  Windows 10 , 64 bit Build 19041 (10.0.19041.292)
Time: Mon Dec 14 20:08:00 2020 Египетское время (зима) elapsed time: 238.307969 seconds (0d 0h 3m 58s)

---------------  T H R E A D  ---------------

Current thread (0x0000020382dfbb00):  JavaThread "C2 CompilerThread0" daemon [_thread_in_native, id=6536, stack(0x000000e541500000,0x000000e541600000)]


Current CompileTask:
C2: 238308 8541       4       com.sun.tools.javac.jvm.ClassReader::readClass (586 bytes)

Stack: [0x000000e541500000,0x000000e541600000]
Native frames: (J=compiled Java code, j=interpreted, Vv=VM code, C=native code)
V  [jvm.dll+0x62ae9a]
V  [jvm.dll+0x781389]
V  [jvm.dll+0x782ae3]
V  [jvm.dll+0x783143]
V  [jvm.dll+0x216265]
V  [jvm.dll+0x97efa]
V  [jvm.dll+0x985dc]
V  [jvm.dll+0x27a1bf]
V  [jvm.dll+0x5408d4]
V  [jvm.dll+0x1f2c14]
V  [jvm.dll+0x1ec288]
V  [jvm.dll+0x1e97a7]
V  [jvm.dll+0x1784c7]
V  [jvm.dll+0x1f9165]
V  [jvm.dll+0x1f720c]
V  [jvm.dll+0x74485d]
V  [jvm.dll+0x73d65a]
V  [jvm.dll+0x629c56]
C  [ucrtbase.dll+0x21542]
C  [KERNEL32.DLL+0x16fd4]
C  [ntdll.dll+0x4cec1]


---------------  P R O C E S S  ---------------

Threads class SMR info:
_java_thread_list=0x00000203877408a0, length=38, elements={
0x00000203e82ced20, 0x0000020382dd09b0, 0x0000020382dd1c30, 0x0000020382defc50,
0x0000020382df0610, 0x0000020382df49a0, 0x0000020382dfbb00, 0x0000020382dfcc50,
0x0000020382dfdcf0, 0x000002038387c180, 0x000002038387f4b0, 0x0000020383b9aa50,
0x00000203853ccc80, 0x00000203853fe140, 0x000002038547f7a0, 0x0000020385481950,
0x0000020385481e20, 0x00000203857f9f10, 0x00000203857fa8b0, 0x00000203857fe740,
0x0000020387d86620, 0x0000020387d86150, 0x0000020387d86fc0, 0x0000020387d89170,
0x0000020387d852e0, 0x0000020387d8ae50, 0x0000020387d857b0, 0x0000020387d85c80,
0x0000020387d8c190, 0x0000020387d887d0, 0x0000020387d86af0, 0x0000020387d8cb30,
0x0000020387d89640, 0x0000020387d87490, 0x0000020387d88300, 0x0000020387d8b7f0,
0x0000020387d8bcc0, 0x00000203857fc590
}

Java Threads: ( => current thread )
  0x00000203e82ced20 JavaThread "main" [_thread_blocked, id=5060, stack(0x000000e540900000,0x000000e540a00000)]
  0x0000020382dd09b0 JavaThread "Reference Handler" daemon [_thread_blocked, id=6184, stack(0x000000e541000000,0x000000e541100000)]
  0x0000020382dd1c30 JavaThread "Finalizer" daemon [_thread_blocked, id=6088, stack(0x000000e541100000,0x000000e541200000)]
  0x0000020382defc50 JavaThread "Signal Dispatcher" daemon [_thread_blocked, id=5472, stack(0x000000e541200000,0x000000e541300000)]
  0x0000020382df0610 JavaThread "Attach Listener" daemon [_thread_blocked, id=620, stack(0x000000e541300000,0x000000e541400000)]
  0x0000020382df49a0 JavaThread "Service Thread" daemon [_thread_blocked, id=4660, stack(0x000000e541400000,0x000000e541500000)]
=>0x0000020382dfbb00 JavaThread "C2 CompilerThread0" daemon [_thread_in_native, id=6536, stack(0x000000e541500000,0x000000e541600000)]
  0x0000020382dfcc50 JavaThread "C1 CompilerThread0" daemon [_thread_blocked, id=2416, stack(0x000000e541600000,0x000000e541700000)]
  0x0000020382dfdcf0 JavaThread "Sweeper thread" daemon [_thread_blocked, id=6632, stack(0x000000e541700000,0x000000e541800000)]
  0x000002038387c180 JavaThread "Common-Cleaner" daemon [_thread_blocked, id=6048, stack(0x000000e541800000,0x000000e541900000)]
  0x000002038387f4b0 JavaThread "Notification Thread" daemon [_thread_blocked, id=3444, stack(0x000000e541900000,0x000000e541a00000)]
  0x0000020383b9aa50 JavaThread "Daemon health stats" [_thread_blocked, id=4552, stack(0x000000e541e00000,0x000000e541f00000)]
  0x00000203853ccc80 JavaThread "Incoming local TCP Connector on port 64839" [_thread_in_native, id=4600, stack(0x000000e542100000,0x000000e542200000)]
  0x00000203853fe140 JavaThread "Daemon periodic checks" [_thread_blocked, id=2948, stack(0x000000e542200000,0x000000e542300000)]
  0x000002038547f7a0 JavaThread "Cache worker for file hash cache (C:\Users\Niko\.gradle\caches\6.7\fileHashes)" [_thread_blocked, id=2460, stack(0x000000e542a00000,0x000000e542b00000)]
  0x0000020385481950 JavaThread "File lock request listener" [_thread_in_native, id=5876, stack(0x000000e542b00000,0x000000e542c00000)]
  0x0000020385481e20 JavaThread "Cache worker for journal cache (C:\Users\Niko\.gradle\caches\journal-1)" [_thread_blocked, id=6240, stack(0x000000e542c00000,0x000000e542d00000)]
  0x00000203857f9f10 JavaThread "Cache worker for execution history cache (C:\Users\Niko\.gradle\caches\6.7\executionHistory)" [_thread_blocked, id=4684, stack(0x000000e543200000,0x000000e543300000)]
  0x00000203857fa8b0 JavaThread "Cache worker for file content cache (C:\Users\Niko\.gradle\caches\6.7\fileContent)" [_thread_blocked, id=5128, stack(0x000000e543100000,0x000000e543200000)]
  0x00000203857fe740 JavaThread "Memory manager" [_thread_blocked, id=2096, stack(0x000000e543800000,0x000000e543900000)]
  0x0000020387d86620 JavaThread "Cache worker for Java compile cache (C:\Users\Niko\.gradle\caches\6.7\javaCompile)" [_thread_blocked, id=1264, stack(0x000000e543d00000,0x000000e543e00000)]
  0x0000020387d86150 JavaThread "Daemon Thread 2" [_thread_blocked, id=4288, stack(0x000000e540600000,0x000000e540700000)]
  0x0000020387d86fc0 JavaThread "Daemon worker Thread 2" [_thread_blocked, id=6920, stack(0x000000e541f00000,0x000000e542000000)]
  0x0000020387d89170 JavaThread "Exec process Thread 5" [_thread_blocked, id=5944, stack(0x000000e543900000,0x000000e543a00000)]
  0x0000020387d852e0 JavaThread "Exec process Thread 6" [_thread_blocked, id=5032, stack(0x000000e543b00000,0x000000e543c00000)]
  0x0000020387d8ae50 JavaThread "Exec process Thread 7" [_thread_blocked, id=5176, stack(0x000000e543c00000,0x000000e543d00000)]
  0x0000020387d857b0 JavaThread "Exec process Thread 8" [_thread_blocked, id=6260, stack(0x000000e543e00000,0x000000e543f00000)]
  0x0000020387d85c80 JavaThread "Handler for socket connection from /127.0.0.1:64839 to /127.0.0.1:64913" [_thread_in_native, id=676, stack(0x000000e540700000,0x000000e540800000)]
  0x0000020387d8c190 JavaThread "Cancel handler" [_thread_blocked, id=4356, stack(0x000000e540800000,0x000000e540900000)]
  0x0000020387d887d0 JavaThread "Asynchronous log dispatcher for DefaultDaemonConnection: socket connection from /127.0.0.1:64839 to /127.0.0.1:64913" [_thread_in_native, id=1568, stack(0x000000e542000000,0x000000e542100000)]
  0x0000020387d86af0 JavaThread "Stdin handler" [_thread_blocked, id=4180, stack(0x000000e542300000,0x000000e542400000)]
  0x0000020387d8cb30 JavaThread "Thread-177" [_thread_blocked, id=5860, stack(0x000000e542400000,0x000000e542500000)]
  0x0000020387d89640 JavaThread "Cache worker for file hash cache (C:\Users\Niko\AdventureTime_TheGame\.gradle\6.7\fileHashes)" [_thread_blocked, id=5996, stack(0x000000e542500000,0x000000e542600000)]
  0x0000020387d87490 JavaThread "Cache worker for checksums cache (C:\Users\Niko\AdventureTime_TheGame\.gradle\checksums)" [_thread_blocked, id=5548, stack(0x000000e542600000,0x000000e542700000)]
  0x0000020387d88300 JavaThread "Cache worker for cache directory md-rule (C:\Users\Niko\.gradle\caches\6.7\md-rule)" [_thread_blocked, id=3920, stack(0x000000e542800000,0x000000e542900000)]
  0x0000020387d8b7f0 Thread [stack: 0x000000e543000000,0x000000e543100000] [id=6300]
  0x0000020387d8bcc0 Thread [stack: 0x000000e543300000,0x000000e543400000] [id=6872]
  0x00000203857fc590 JavaThread "DisconnectableInputStream source reader" daemon [_thread_blocked, id=3916, stack(0x000000e543400000,0x000000e543500000)]

Other Threads:
  0x0000020382dcb2d0 VMThread "VM Thread" [stack: 0x000000e540f00000,0x000000e541000000] [id=2044]
  0x0000020383898260 WatcherThread [stack: 0x000000e541a00000,0x000000e541b00000] [id=5192]
  0x00000203e82f7b20 GCTaskThread "GC Thread#0" [stack: 0x000000e540a00000,0x000000e540b00000] [id=1136]
  0x0000020384009af0 GCTaskThread "GC Thread#1" [stack: 0x000000e541b00000,0x000000e541c00000] [id=4808]
  0x0000020384009160 GCTaskThread "GC Thread#2" [stack: 0x000000e541c00000,0x000000e541d00000] [id=2160]
  0x00000203840097c0 GCTaskThread "GC Thread#3" [stack: 0x000000e541d00000,0x000000e541e00000] [id=3736]
  0x00000203e82fe3a0 ConcurrentGCThread "G1 Main Marker" [stack: 0x000000e540b00000,0x000000e540c00000] [id=6428]
  0x00000203e82ff640 ConcurrentGCThread "G1 Conc#0" [stack: 0x000000e540c00000,0x000000e540d00000] [id=3716]
  0x0000020382c700a0 ConcurrentGCThread "G1 Refine#0" [stack: 0x000000e540d00000,0x000000e540e00000] [id=2116]
  0x000002038918a4a0 ConcurrentGCThread "G1 Refine#1" [stack: 0x000000e543600000,0x000000e543700000] [id=6396]
  0x0000020389189720 ConcurrentGCThread "G1 Refine#2" [stack: 0x000000e543700000,0x000000e543800000] [id=4884]
  0x0000020382c70bb0 ConcurrentGCThread "G1 Young RemSet Sampling" [stack: 0x000000e540e00000,0x000000e540f00000] [id=5392]

Threads with active compile tasks:
C2 CompilerThread0   238349 8541       4       com.sun.tools.javac.jvm.ClassReader::readClass (586 bytes)

VM state: not at safepoint (normal execution)

VM Mutex/Monitor currently owned by a thread: None

Heap address: 0x00000000e0000000, size: 512 MB, Compressed Oops mode: 32-bit
CDS archive(s) mapped at: [0x0000000800000000-0x0000000800b50000-0x0000000800b50000), size 11862016, SharedBaseAddress: 0x0000000800000000, ArchiveRelocationMode: 0.
Compressed class space mapped at: 0x0000000800b50000-0x0000000810350000, size: 260046848
Narrow klass base: 0x0000000800000000, Narrow klass shift: 3, Narrow klass range: 0x100000000

GC Precious Log:
 CPUs: 4 total, 4 available
 Memory: 3988M
 Large Page Support: Disabled
 NUMA Support: Disabled
 Compressed Oops: Enabled (32-bit)
 Heap Region Size: 1M
 Heap Min Capacity: 256M
 Heap Initial Capacity: 256M
 Heap Max Capacity: 512M
 Pre-touch: Disabled
 Parallel Workers: 4
 Concurrent Workers: 1
 Concurrent Refinement Workers: 4
 Periodic GC: Disabled

Heap:
 garbage-first heap   total 262144K, used 129950K [0x00000000e0000000, 0x0000000100000000)
  region size 1024K, 103 young (105472K), 10 survivors (10240K)
 Metaspace       used 53755K, capacity 54892K, committed 55216K, reserved 303104K
  class space    used 6966K, capacity 7301K, committed 7424K, reserved 253952K

Heap Regions: E=young(eden), S=young(survivor), O=old, HS=humongous(starts), HC=humongous(continues), CS=collection set, F=free, OA=open archive, CA=closed archive, TAMS=top-at-mark-start (previous, next)
|   0|0x00000000e0000000, 0x00000000e0100000, 0x00000000e0100000|100%| O|  |TAMS 0x00000000e0100000, 0x00000000e0000000| Untracked 
|   1|0x00000000e0100000, 0x00000000e0200000, 0x00000000e0200000|100%| O|  |TAMS 0x00000000e0200000, 0x00000000e0100000| Untracked 
|   2|0x00000000e0200000, 0x00000000e0300000, 0x00000000e0300000|100%| O|  |TAMS 0x00000000e0200000, 0x00000000e0200000| Untracked 
|   3|0x00000000e0300000, 0x00000000e0400000, 0x00000000e0400000|100%|HS|  |TAMS 0x00000000e0400000, 0x00000000e0300000| Complete 
|   4|0x00000000e0400000, 0x00000000e0500000, 0x00000000e0500000|100%|HC|  |TAMS 0x00000000e0500000, 0x00000000e0400000| Complete 
|   5|0x00000000e0500000, 0x00000000e0600000, 0x00000000e0600000|100%|HC|  |TAMS 0x00000000e0600000, 0x00000000e0500000| Complete 
|   6|0x00000000e0600000, 0x00000000e0700000, 0x00000000e0700000|100%| O|  |TAMS 0x00000000e0700000, 0x00000000e0600000| Untracked 
|   7|0x00000000e0700000, 0x00000000e0800000, 0x00000000e0800000|100%| O|  |TAMS 0x00000000e0800000, 0x00000000e0700000| Untracked 
|   8|0x00000000e0800000, 0x00000000e0900000, 0x00000000e0900000|100%| O|  |TAMS 0x00000000e0900000, 0x00000000e0800000| Untracked 
|   9|0x00000000e0900000, 0x00000000e0a00000, 0x00000000e0a00000|100%| O|  |TAMS 0x00000000e0900000, 0x00000000e0900000| Untracked 
|  10|0x00000000e0a00000, 0x00000000e0b00000, 0x00000000e0b00000|100%| O|  |TAMS 0x00000000e0a00000, 0x00000000e0a00000| Untracked 
|  11|0x00000000e0b00000, 0x00000000e0c00000, 0x00000000e0c00000|100%| O|  |TAMS 0x00000000e0b00000, 0x00000000e0b00000| Untracked 
|  12|0x00000000e0c00000, 0x00000000e0d00000, 0x00000000e0d00000|100%| O|  |TAMS 0x00000000e0d00000, 0x00000000e0c00000| Untracked 
|  13|0x00000000e0d00000, 0x00000000e0e00000, 0x00000000e0e00000|100%| O|  |TAMS 0x00000000e0e00000, 0x00000000e0d00000| Untracked 
|  14|0x00000000e0e00000, 0x00000000e0f00000, 0x00000000e0f00000|100%| O|  |TAMS 0x00000000e0f00000, 0x00000000e0e00000| Untracked 
|  15|0x00000000e0f00000, 0x00000000e1000000, 0x00000000e1000000|100%| O|  |TAMS 0x00000000e1000000, 0x00000000e0f00000| Untracked 
|  16|0x00000000e1000000, 0x00000000e1100000, 0x00000000e1100000|100%| O|  |TAMS 0x00000000e1100000, 0x00000000e1000000| Untracked 
|  17|0x00000000e1100000, 0x00000000e1200000, 0x00000000e1200000|100%| O|  |TAMS 0x00000000e1200000, 0x00000000e1100000| Untracked 
|  18|0x00000000e1200000, 0x00000000e1300000, 0x00000000e1300000|100%| O|  |TAMS 0x00000000e1300000, 0x00000000e1200000| Untracked 
|  19|0x00000000e1300000, 0x00000000e1400000, 0x00000000e1400000|100%| O|  |TAMS 0x00000000e1400000, 0x00000000e1300000| Untracked 
|  20|0x00000000e1400000, 0x00000000e1500000, 0x00000000e1500000|100%| O|  |TAMS 0x00000000e1500000, 0x00000000e1400000| Untracked 
|  21|0x00000000e1500000, 0x00000000e1600000, 0x00000000e1600000|100%| O|  |TAMS 0x00000000e15fd000, 0x00000000e1500000| Untracked 
|  22|0x00000000e1600000, 0x00000000e1700000, 0x00000000e1700000|100%| O|  |TAMS 0x00000000e1600000, 0x00000000e1600000| Untracked 
|  23|0x00000000e1700000, 0x00000000e1800000, 0x00000000e1800000|100%| O|  |TAMS 0x00000000e1700000, 0x00000000e1700000| Untracked 
|  24|0x00000000e1800000, 0x00000000e1900000, 0x00000000e1900000|100%| O|  |TAMS 0x00000000e1800000, 0x00000000e1800000| Untracked 
|  25|0x00000000e1900000, 0x00000000e19e7800, 0x00000000e1a00000| 90%| O|  |TAMS 0x00000000e1900000, 0x00000000e1900000| Untracked 
|  26|0x00000000e1a00000, 0x00000000e1a00000, 0x00000000e1b00000|  0%| F|  |TAMS 0x00000000e1a00000, 0x00000000e1a00000| Untracked 
|  27|0x00000000e1b00000, 0x00000000e1b00000, 0x00000000e1c00000|  0%| F|  |TAMS 0x00000000e1b00000, 0x00000000e1b00000| Untracked 
|  28|0x00000000e1c00000, 0x00000000e1c00000, 0x00000000e1d00000|  0%| F|  |TAMS 0x00000000e1c00000, 0x00000000e1c00000| Untracked 
|  29|0x00000000e1d00000, 0x00000000e1d00000, 0x00000000e1e00000|  0%| F|  |TAMS 0x00000000e1d00000, 0x00000000e1d00000| Untracked 
|  30|0x00000000e1e00000, 0x00000000e1e00000, 0x00000000e1f00000|  0%| F|  |TAMS 0x00000000e1e00000, 0x00000000e1e00000| Untracked 
|  31|0x00000000e1f00000, 0x00000000e1f00000, 0x00000000e2000000|  0%| F|  |TAMS 0x00000000e1f00000, 0x00000000e1f00000| Untracked 
|  32|0x00000000e2000000, 0x00000000e2000000, 0x00000000e2100000|  0%| F|  |TAMS 0x00000000e2000000, 0x00000000e2000000| Untracked 
|  33|0x00000000e2100000, 0x00000000e2100000, 0x00000000e2200000|  0%| F|  |TAMS 0x00000000e2100000, 0x00000000e2100000| Untracked 
|  34|0x00000000e2200000, 0x00000000e2200000, 0x00000000e2300000|  0%| F|  |TAMS 0x00000000e2200000, 0x00000000e2200000| Untracked 
|  35|0x00000000e2300000, 0x00000000e2300000, 0x00000000e2400000|  0%| F|  |TAMS 0x00000000e2300000, 0x00000000e2300000| Untracked 
|  36|0x00000000e2400000, 0x00000000e2400000, 0x00000000e2500000|  0%| F|  |TAMS 0x00000000e2400000, 0x00000000e2400000| Untracked 
|  37|0x00000000e2500000, 0x00000000e2500000, 0x00000000e2600000|  0%| F|  |TAMS 0x00000000e2500000, 0x00000000e2500000| Untracked 
|  38|0x00000000e2600000, 0x00000000e2600000, 0x00000000e2700000|  0%| F|  |TAMS 0x00000000e2600000, 0x00000000e2600000| Untracked 
|  39|0x00000000e2700000, 0x00000000e2700000, 0x00000000e2800000|  0%| F|  |TAMS 0x00000000e2700000, 0x00000000e2700000| Untracked 
|  40|0x00000000e2800000, 0x00000000e2800000, 0x00000000e2900000|  0%| F|  |TAMS 0x00000000e2800000, 0x00000000e2800000| Untracked 
|  41|0x00000000e2900000, 0x00000000e2900000, 0x00000000e2a00000|  0%| F|  |TAMS 0x00000000e2900000, 0x00000000e2900000| Untracked 
|  42|0x00000000e2a00000, 0x00000000e2a00000, 0x00000000e2b00000|  0%| F|  |TAMS 0x00000000e2a00000, 0x00000000e2a00000| Untracked 
|  43|0x00000000e2b00000, 0x00000000e2b00000, 0x00000000e2c00000|  0%| F|  |TAMS 0x00000000e2b00000, 0x00000000e2b00000| Untracked 
|  44|0x00000000e2c00000, 0x00000000e2c00000, 0x00000000e2d00000|  0%| F|  |TAMS 0x00000000e2c00000, 0x00000000e2c00000| Untracked 
|  45|0x00000000e2d00000, 0x00000000e2d00000, 0x00000000e2e00000|  0%| F|  |TAMS 0x00000000e2d00000, 0x00000000e2d00000| Untracked 
|  46|0x00000000e2e00000, 0x00000000e2e00000, 0x00000000e2f00000|  0%| F|  |TAMS 0x00000000e2e00000, 0x00000000e2e00000| Untracked 
|  47|0x00000000e2f00000, 0x00000000e2f00000, 0x00000000e3000000|  0%| F|  |TAMS 0x00000000e2f00000, 0x00000000e2f00000| Untracked 
|  48|0x00000000e3000000, 0x00000000e3000000, 0x00000000e3100000|  0%| F|  |TAMS 0x00000000e3000000, 0x00000000e3000000| Untracked 
|  49|0x00000000e3100000, 0x00000000e3100000, 0x00000000e3200000|  0%| F|  |TAMS 0x00000000e3100000, 0x00000000e3100000| Untracked 
|  50|0x00000000e3200000, 0x00000000e3200000, 0x00000000e3300000|  0%| F|  |TAMS 0x00000000e3200000, 0x00000000e3200000| Untracked 
|  51|0x00000000e3300000, 0x00000000e3300000, 0x00000000e3400000|  0%| F|  |TAMS 0x00000000e3300000, 0x00000000e3300000| Untracked 
|  52|0x00000000e3400000, 0x00000000e3400000, 0x00000000e3500000|  0%| F|  |TAMS 0x00000000e3400000, 0x00000000e3400000| Untracked 
|  53|0x00000000e3500000, 0x00000000e3500000, 0x00000000e3600000|  0%| F|  |TAMS 0x00000000e3500000, 0x00000000e3500000| Untracked 
|  54|0x00000000e3600000, 0x00000000e3600000, 0x00000000e3700000|  0%| F|  |TAMS 0x00000000e3600000, 0x00000000e3600000| Untracked 
|  55|0x00000000e3700000, 0x00000000e3700000, 0x00000000e3800000|  0%| F|  |TAMS 0x00000000e3700000, 0x00000000e3700000| Untracked 
|  56|0x00000000e3800000, 0x00000000e3800000, 0x00000000e3900000|  0%| F|  |TAMS 0x00000000e3800000, 0x00000000e3800000| Untracked 
|  57|0x00000000e3900000, 0x00000000e3900000, 0x00000000e3a00000|  0%| F|  |TAMS 0x00000000e3900000, 0x00000000e3900000| Untracked 
|  58|0x00000000e3a00000, 0x00000000e3a00000, 0x00000000e3b00000|  0%| F|  |TAMS 0x00000000e3a00000, 0x00000000e3a00000| Untracked 
|  59|0x00000000e3b00000, 0x00000000e3b00000, 0x00000000e3c00000|  0%| F|  |TAMS 0x00000000e3b00000, 0x00000000e3b00000| Untracked 
|  60|0x00000000e3c00000, 0x00000000e3c00000, 0x00000000e3d00000|  0%| F|  |TAMS 0x00000000e3c00000, 0x00000000e3c00000| Untracked 
|  61|0x00000000e3d00000, 0x00000000e3d00000, 0x00000000e3e00000|  0%| F|  |TAMS 0x00000000e3d00000, 0x00000000e3d00000| Untracked 
|  62|0x00000000e3e00000, 0x00000000e3e00000, 0x00000000e3f00000|  0%| F|  |TAMS 0x00000000e3e00000, 0x00000000e3e00000| Untracked 
|  63|0x00000000e3f00000, 0x00000000e3f00000, 0x00000000e4000000|  0%| F|  |TAMS 0x00000000e3f00000, 0x00000000e3f00000| Untracked 
|  64|0x00000000e4000000, 0x00000000e4000000, 0x00000000e4100000|  0%| F|  |TAMS 0x00000000e4000000, 0x00000000e4000000| Untracked 
|  65|0x00000000e4100000, 0x00000000e4100000, 0x00000000e4200000|  0%| F|  |TAMS 0x00000000e4100000, 0x00000000e4100000| Untracked 
|  66|0x00000000e4200000, 0x00000000e4200000, 0x00000000e4300000|  0%| F|  |TAMS 0x00000000e4200000, 0x00000000e4200000| Untracked 
|  67|0x00000000e4300000, 0x00000000e4300000, 0x00000000e4400000|  0%| F|  |TAMS 0x00000000e4300000, 0x00000000e4300000| Untracked 
|  68|0x00000000e4400000, 0x00000000e4400000, 0x00000000e4500000|  0%| F|  |TAMS 0x00000000e4400000, 0x00000000e4400000| Untracked 
|  69|0x00000000e4500000, 0x00000000e4500000, 0x00000000e4600000|  0%| F|  |TAMS 0x00000000e4500000, 0x00000000e4500000| Untracked 
|  70|0x00000000e4600000, 0x00000000e4600000, 0x00000000e4700000|  0%| F|  |TAMS 0x00000000e4600000, 0x00000000e4600000| Untracked 
|  71|0x00000000e4700000, 0x00000000e4700000, 0x00000000e4800000|  0%| F|  |TAMS 0x00000000e4700000, 0x00000000e4700000| Untracked 
|  72|0x00000000e4800000, 0x00000000e4800000, 0x00000000e4900000|  0%| F|  |TAMS 0x00000000e4800000, 0x00000000e4800000| Untracked 
|  73|0x00000000e4900000, 0x00000000e4900000, 0x00000000e4a00000|  0%| F|  |TAMS 0x00000000e4900000, 0x00000000e4900000| Untracked 
|  74|0x00000000e4a00000, 0x00000000e4a00000, 0x00000000e4b00000|  0%| F|  |TAMS 0x00000000e4a00000, 0x00000000e4a00000| Untracked 
|  75|0x00000000e4b00000, 0x00000000e4b00000, 0x00000000e4c00000|  0%| F|  |TAMS 0x00000000e4b00000, 0x00000000e4b00000| Untracked 
|  76|0x00000000e4c00000, 0x00000000e4c00000, 0x00000000e4d00000|  0%| F|  |TAMS 0x00000000e4c00000, 0x00000000e4c00000| Untracked 
|  77|0x00000000e4d00000, 0x00000000e4d00000, 0x00000000e4e00000|  0%| F|  |TAMS 0x00000000e4d00000, 0x00000000e4d00000| Untracked 
|  78|0x00000000e4e00000, 0x00000000e4e00000, 0x00000000e4f00000|  0%| F|  |TAMS 0x00000000e4e00000, 0x00000000e4e00000| Untracked 
|  79|0x00000000e4f00000, 0x00000000e4f00000, 0x00000000e5000000|  0%| F|  |TAMS 0x00000000e4f00000, 0x00000000e4f00000| Untracked 
|  80|0x00000000e5000000, 0x00000000e5000000, 0x00000000e5100000|  0%| F|  |TAMS 0x00000000e5000000, 0x00000000e5000000| Untracked 
|  81|0x00000000e5100000, 0x00000000e5100000, 0x00000000e5200000|  0%| F|  |TAMS 0x00000000e5100000, 0x00000000e5100000| Untracked 
|  82|0x00000000e5200000, 0x00000000e5200000, 0x00000000e5300000|  0%| F|  |TAMS 0x00000000e5200000, 0x00000000e5200000| Untracked 
|  83|0x00000000e5300000, 0x00000000e5300000, 0x00000000e5400000|  0%| F|  |TAMS 0x00000000e5300000, 0x00000000e5300000| Untracked 
|  84|0x00000000e5400000, 0x00000000e5400000, 0x00000000e5500000|  0%| F|  |TAMS 0x00000000e5400000, 0x00000000e5400000| Untracked 
|  85|0x00000000e5500000, 0x00000000e5500000, 0x00000000e5600000|  0%| F|  |TAMS 0x00000000e5500000, 0x00000000e5500000| Untracked 
|  86|0x00000000e5600000, 0x00000000e5600000, 0x00000000e5700000|  0%| F|  |TAMS 0x00000000e5600000, 0x00000000e5600000| Untracked 
|  87|0x00000000e5700000, 0x00000000e5700000, 0x00000000e5800000|  0%| F|  |TAMS 0x00000000e5700000, 0x00000000e5700000| Untracked 
|  88|0x00000000e5800000, 0x00000000e5800000, 0x00000000e5900000|  0%| F|  |TAMS 0x00000000e5800000, 0x00000000e5800000| Untracked 
|  89|0x00000000e5900000, 0x00000000e5900000, 0x00000000e5a00000|  0%| F|  |TAMS 0x00000000e5900000, 0x00000000e5900000| Untracked 
|  90|0x00000000e5a00000, 0x00000000e5a00000, 0x00000000e5b00000|  0%| F|  |TAMS 0x00000000e5a00000, 0x00000000e5a00000| Untracked 
|  91|0x00000000e5b00000, 0x00000000e5b00000, 0x00000000e5c00000|  0%| F|  |TAMS 0x00000000e5b00000, 0x00000000e5b00000| Untracked 
|  92|0x00000000e5c00000, 0x00000000e5c00000, 0x00000000e5d00000|  0%| F|  |TAMS 0x00000000e5c00000, 0x00000000e5c00000| Untracked 
|  93|0x00000000e5d00000, 0x00000000e5d00000, 0x00000000e5e00000|  0%| F|  |TAMS 0x00000000e5d00000, 0x00000000e5d00000| Untracked 
|  94|0x00000000e5e00000, 0x00000000e5e00000, 0x00000000e5f00000|  0%| F|  |TAMS 0x00000000e5e00000, 0x00000000e5e00000| Untracked 
|  95|0x00000000e5f00000, 0x00000000e5f00000, 0x00000000e6000000|  0%| F|  |TAMS 0x00000000e5f00000, 0x00000000e5f00000| Untracked 
|  96|0x00000000e6000000, 0x00000000e6000000, 0x00000000e6100000|  0%| F|  |TAMS 0x00000000e6000000, 0x00000000e6000000| Untracked 
|  97|0x00000000e6100000, 0x00000000e6100000, 0x00000000e6200000|  0%| F|  |TAMS 0x00000000e6100000, 0x00000000e6100000| Untracked 
|  98|0x00000000e6200000, 0x00000000e6200000, 0x00000000e6300000|  0%| F|  |TAMS 0x00000000e6200000, 0x00000000e6200000| Untracked 
|  99|0x00000000e6300000, 0x00000000e6300000, 0x00000000e6400000|  0%| F|  |TAMS 0x00000000e6300000, 0x00000000e6300000| Untracked 
| 100|0x00000000e6400000, 0x00000000e6400000, 0x00000000e6500000|  0%| F|  |TAMS 0x00000000e6400000, 0x00000000e6400000| Untracked 
| 101|0x00000000e6500000, 0x00000000e6500000, 0x00000000e6600000|  0%| F|  |TAMS 0x00000000e6500000, 0x00000000e6500000| Untracked 
| 102|0x00000000e6600000, 0x00000000e6600000, 0x00000000e6700000|  0%| F|  |TAMS 0x00000000e6600000, 0x00000000e6600000| Untracked 
| 103|0x00000000e6700000, 0x00000000e6700000, 0x00000000e6800000|  0%| F|  |TAMS 0x00000000e6700000, 0x00000000e6700000| Untracked 
| 104|0x00000000e6800000, 0x00000000e6800000, 0x00000000e6900000|  0%| F|  |TAMS 0x00000000e6800000, 0x00000000e6800000| Untracked 
| 105|0x00000000e6900000, 0x00000000e6900000, 0x00000000e6a00000|  0%| F|  |TAMS 0x00000000e6900000, 0x00000000e6900000| Untracked 
| 106|0x00000000e6a00000, 0x00000000e6a00000, 0x00000000e6b00000|  0%| F|  |TAMS 0x00000000e6a00000, 0x00000000e6a00000| Untracked 
| 107|0x00000000e6b00000, 0x00000000e6b00000, 0x00000000e6c00000|  0%| F|  |TAMS 0x00000000e6b00000, 0x00000000e6b00000| Untracked 
| 108|0x00000000e6c00000, 0x00000000e6c00000, 0x00000000e6d00000|  0%| F|  |TAMS 0x00000000e6c00000, 0x00000000e6c00000| Untracked 
| 109|0x00000000e6d00000, 0x00000000e6d00000, 0x00000000e6e00000|  0%| F|  |TAMS 0x00000000e6d00000, 0x00000000e6d00000| Untracked 
| 110|0x00000000e6e00000, 0x00000000e6e00000, 0x00000000e6f00000|  0%| F|  |TAMS 0x00000000e6e00000, 0x00000000e6e00000| Untracked 
| 111|0x00000000e6f00000, 0x00000000e6f00000, 0x00000000e7000000|  0%| F|  |TAMS 0x00000000e6f00000, 0x00000000e6f00000| Untracked 
| 112|0x00000000e7000000, 0x00000000e7000000, 0x00000000e7100000|  0%| F|  |TAMS 0x00000000e7000000, 0x00000000e7000000| Untracked 
| 113|0x00000000e7100000, 0x00000000e7100000, 0x00000000e7200000|  0%| F|  |TAMS 0x00000000e7100000, 0x00000000e7100000| Untracked 
| 114|0x00000000e7200000, 0x00000000e7300000, 0x00000000e7300000|100%| S|CS|TAMS 0x00000000e7200000, 0x00000000e7200000| Complete 
| 115|0x00000000e7300000, 0x00000000e7400000, 0x00000000e7400000|100%| S|CS|TAMS 0x00000000e7300000, 0x00000000e7300000| Complete 
| 116|0x00000000e7400000, 0x00000000e7500000, 0x00000000e7500000|100%| S|CS|TAMS 0x00000000e7400000, 0x00000000e7400000| Complete 
| 117|0x00000000e7500000, 0x00000000e7600000, 0x00000000e7600000|100%| S|CS|TAMS 0x00000000e7500000, 0x00000000e7500000| Complete 
| 118|0x00000000e7600000, 0x00000000e7700000, 0x00000000e7700000|100%| S|CS|TAMS 0x00000000e7600000, 0x00000000e7600000| Complete 
| 119|0x00000000e7700000, 0x00000000e7800000, 0x00000000e7800000|100%| S|CS|TAMS 0x00000000e7700000, 0x00000000e7700000| Complete 
| 120|0x00000000e7800000, 0x00000000e7900000, 0x00000000e7900000|100%| S|CS|TAMS 0x00000000e7800000, 0x00000000e7800000| Complete 
| 121|0x00000000e7900000, 0x00000000e7a00000, 0x00000000e7a00000|100%| S|CS|TAMS 0x00000000e7900000, 0x00000000e7900000| Complete 
| 122|0x00000000e7a00000, 0x00000000e7b00000, 0x00000000e7b00000|100%| S|CS|TAMS 0x00000000e7a00000, 0x00000000e7a00000| Complete 
| 123|0x00000000e7b00000, 0x00000000e7c00000, 0x00000000e7c00000|100%| S|CS|TAMS 0x00000000e7b00000, 0x00000000e7b00000| Complete 
| 124|0x00000000e7c00000, 0x00000000e7c00000, 0x00000000e7d00000|  0%| F|  |TAMS 0x00000000e7c00000, 0x00000000e7c00000| Untracked 
| 125|0x00000000e7d00000, 0x00000000e7d00000, 0x00000000e7e00000|  0%| F|  |TAMS 0x00000000e7d00000, 0x00000000e7d00000| Untracked 
| 126|0x00000000e7e00000, 0x00000000e7e00000, 0x00000000e7f00000|  0%| F|  |TAMS 0x00000000e7e00000, 0x00000000e7e00000| Untracked 
| 127|0x00000000e7f00000, 0x00000000e7f00000, 0x00000000e8000000|  0%| F|  |TAMS 0x00000000e7f00000, 0x00000000e7f00000| Untracked 
| 128|0x00000000e8000000, 0x00000000e8000000, 0x00000000e8100000|  0%| F|  |TAMS 0x00000000e8000000, 0x00000000e8000000| Untracked 
| 129|0x00000000e8100000, 0x00000000e8100000, 0x00000000e8200000|  0%| F|  |TAMS 0x00000000e8100000, 0x00000000e8100000| Untracked 
| 130|0x00000000e8200000, 0x00000000e8200000, 0x00000000e8300000|  0%| F|  |TAMS 0x00000000e8200000, 0x00000000e8200000| Untracked 
| 131|0x00000000e8300000, 0x00000000e8300000, 0x00000000e8400000|  0%| F|  |TAMS 0x00000000e8300000, 0x00000000e8300000| Untracked 
| 132|0x00000000e8400000, 0x00000000e8400000, 0x00000000e8500000|  0%| F|  |TAMS 0x00000000e8400000, 0x00000000e8400000| Untracked 
| 133|0x00000000e8500000, 0x00000000e8500000, 0x00000000e8600000|  0%| F|  |TAMS 0x00000000e8500000, 0x00000000e8500000| Untracked 
| 134|0x00000000e8600000, 0x00000000e8600000, 0x00000000e8700000|  0%| F|  |TAMS 0x00000000e8600000, 0x00000000e8600000| Untracked 
| 135|0x00000000e8700000, 0x00000000e8700000, 0x00000000e8800000|  0%| F|  |TAMS 0x00000000e8700000, 0x00000000e8700000| Untracked 
| 136|0x00000000e8800000, 0x00000000e8800000, 0x00000000e8900000|  0%| F|  |TAMS 0x00000000e8800000, 0x00000000e8800000| Untracked 
| 137|0x00000000e8900000, 0x00000000e8900000, 0x00000000e8a00000|  0%| F|  |TAMS 0x00000000e8900000, 0x00000000e8900000| Untracked 
| 138|0x00000000e8a00000, 0x00000000e8a00000, 0x00000000e8b00000|  0%| F|  |TAMS 0x00000000e8a00000, 0x00000000e8a00000| Untracked 
| 139|0x00000000e8b00000, 0x00000000e8b00000, 0x00000000e8c00000|  0%| F|  |TAMS 0x00000000e8b00000, 0x00000000e8b00000| Untracked 
| 140|0x00000000e8c00000, 0x00000000e8c00000, 0x00000000e8d00000|  0%| F|  |TAMS 0x00000000e8c00000, 0x00000000e8c00000| Untracked 
| 141|0x00000000e8d00000, 0x00000000e8d00000, 0x00000000e8e00000|  0%| F|  |TAMS 0x00000000e8d00000, 0x00000000e8d00000| Untracked 
| 142|0x00000000e8e00000, 0x00000000e8e00000, 0x00000000e8f00000|  0%| F|  |TAMS 0x00000000e8e00000, 0x00000000e8e00000| Untracked 
| 143|0x00000000e8f00000, 0x00000000e8f00000, 0x00000000e9000000|  0%| F|  |TAMS 0x00000000e8f00000, 0x00000000e8f00000| Untracked 
| 144|0x00000000e9000000, 0x00000000e9000000, 0x00000000e9100000|  0%| F|  |TAMS 0x00000000e9000000, 0x00000000e9000000| Untracked 
| 145|0x00000000e9100000, 0x00000000e9100000, 0x00000000e9200000|  0%| F|  |TAMS 0x00000000e9100000, 0x00000000e9100000| Untracked 
| 146|0x00000000e9200000, 0x00000000e9200000, 0x00000000e9300000|  0%| F|  |TAMS 0x00000000e9200000, 0x00000000e9200000| Untracked 
| 147|0x00000000e9300000, 0x00000000e9300000, 0x00000000e9400000|  0%| F|  |TAMS 0x00000000e9300000, 0x00000000e9300000| Untracked 
| 148|0x00000000e9400000, 0x00000000e9400000, 0x00000000e9500000|  0%| F|  |TAMS 0x00000000e9400000, 0x00000000e9400000| Untracked 
| 149|0x00000000e9500000, 0x00000000e9500000, 0x00000000e9600000|  0%| F|  |TAMS 0x00000000e9500000, 0x00000000e9500000| Untracked 
| 150|0x00000000e9600000, 0x00000000e9600000, 0x00000000e9700000|  0%| F|  |TAMS 0x00000000e9600000, 0x00000000e9600000| Untracked 
| 151|0x00000000e9700000, 0x00000000e9700000, 0x00000000e9800000|  0%| F|  |TAMS 0x00000000e9700000, 0x00000000e9700000| Untracked 
| 152|0x00000000e9800000, 0x00000000e9800000, 0x00000000e9900000|  0%| F|  |TAMS 0x00000000e9800000, 0x00000000e9800000| Untracked 
| 153|0x00000000e9900000, 0x00000000e9900000, 0x00000000e9a00000|  0%| F|  |TAMS 0x00000000e9900000, 0x00000000e9900000| Untracked 
| 154|0x00000000e9a00000, 0x00000000e9a00000, 0x00000000e9b00000|  0%| F|  |TAMS 0x00000000e9a00000, 0x00000000e9a00000| Untracked 
| 155|0x00000000e9b00000, 0x00000000e9b00000, 0x00000000e9c00000|  0%| F|  |TAMS 0x00000000e9b00000, 0x00000000e9b00000| Untracked 
| 156|0x00000000e9c00000, 0x00000000e9c00000, 0x00000000e9d00000|  0%| F|  |TAMS 0x00000000e9c00000, 0x00000000e9c00000| Untracked 
| 157|0x00000000e9d00000, 0x00000000e9d00000, 0x00000000e9e00000|  0%| F|  |TAMS 0x00000000e9d00000, 0x00000000e9d00000| Untracked 
| 158|0x00000000e9e00000, 0x00000000e9e00000, 0x00000000e9f00000|  0%| F|  |TAMS 0x00000000e9e00000, 0x00000000e9e00000| Untracked 
| 159|0x00000000e9f00000, 0x00000000e9f00000, 0x00000000ea000000|  0%| F|  |TAMS 0x00000000e9f00000, 0x00000000e9f00000| Untracked 
| 160|0x00000000ea000000, 0x00000000ea000000, 0x00000000ea100000|  0%| F|  |TAMS 0x00000000ea000000, 0x00000000ea000000| Untracked 
| 161|0x00000000ea100000, 0x00000000ea100000, 0x00000000ea200000|  0%| F|  |TAMS 0x00000000ea100000, 0x00000000ea100000| Untracked 
| 162|0x00000000ea200000, 0x00000000ea200000, 0x00000000ea300000|  0%| F|  |TAMS 0x00000000ea200000, 0x00000000ea200000| Untracked 
| 163|0x00000000ea300000, 0x00000000ea400000, 0x00000000ea400000|100%| E|  |TAMS 0x00000000ea300000, 0x00000000ea300000| Complete 
| 164|0x00000000ea400000, 0x00000000ea500000, 0x00000000ea500000|100%| E|CS|TAMS 0x00000000ea400000, 0x00000000ea400000| Complete 
| 165|0x00000000ea500000, 0x00000000ea600000, 0x00000000ea600000|100%| E|CS|TAMS 0x00000000ea500000, 0x00000000ea500000| Complete 
| 166|0x00000000ea600000, 0x00000000ea700000, 0x00000000ea700000|100%| E|CS|TAMS 0x00000000ea600000, 0x00000000ea600000| Complete 
| 167|0x00000000ea700000, 0x00000000ea800000, 0x00000000ea800000|100%| E|CS|TAMS 0x00000000ea700000, 0x00000000ea700000| Complete 
| 168|0x00000000ea800000, 0x00000000ea900000, 0x00000000ea900000|100%| E|CS|TAMS 0x00000000ea800000, 0x00000000ea800000| Complete 
| 169|0x00000000ea900000, 0x00000000eaa00000, 0x00000000eaa00000|100%| E|CS|TAMS 0x00000000ea900000, 0x00000000ea900000| Complete 
| 170|0x00000000eaa00000, 0x00000000eab00000, 0x00000000eab00000|100%| E|CS|TAMS 0x00000000eaa00000, 0x00000000eaa00000| Complete 
| 171|0x00000000eab00000, 0x00000000eac00000, 0x00000000eac00000|100%| E|CS|TAMS 0x00000000eab00000, 0x00000000eab00000| Complete 
| 172|0x00000000eac00000, 0x00000000ead00000, 0x00000000ead00000|100%| E|CS|TAMS 0x00000000eac00000, 0x00000000eac00000| Complete 
| 173|0x00000000ead00000, 0x00000000eae00000, 0x00000000eae00000|100%| E|CS|TAMS 0x00000000ead00000, 0x00000000ead00000| Complete 
| 174|0x00000000eae00000, 0x00000000eaf00000, 0x00000000eaf00000|100%| E|CS|TAMS 0x00000000eae00000, 0x00000000eae00000| Complete 
| 175|0x00000000eaf00000, 0x00000000eb000000, 0x00000000eb000000|100%| E|CS|TAMS 0x00000000eaf00000, 0x00000000eaf00000| Complete 
| 176|0x00000000eb000000, 0x00000000eb100000, 0x00000000eb100000|100%| E|CS|TAMS 0x00000000eb000000, 0x00000000eb000000| Complete 
| 177|0x00000000eb100000, 0x00000000eb200000, 0x00000000eb200000|100%| E|CS|TAMS 0x00000000eb100000, 0x00000000eb100000| Complete 
| 178|0x00000000eb200000, 0x00000000eb300000, 0x00000000eb300000|100%| E|CS|TAMS 0x00000000eb200000, 0x00000000eb200000| Complete 
| 179|0x00000000eb300000, 0x00000000eb400000, 0x00000000eb400000|100%| E|  |TAMS 0x00000000eb300000, 0x00000000eb300000| Complete 
| 180|0x00000000eb400000, 0x00000000eb500000, 0x00000000eb500000|100%| E|CS|TAMS 0x00000000eb400000, 0x00000000eb400000| Complete 
| 181|0x00000000eb500000, 0x00000000eb600000, 0x00000000eb600000|100%| E|CS|TAMS 0x00000000eb500000, 0x00000000eb500000| Complete 
| 182|0x00000000eb600000, 0x00000000eb700000, 0x00000000eb700000|100%| E|CS|TAMS 0x00000000eb600000, 0x00000000eb600000| Complete 
| 183|0x00000000eb700000, 0x00000000eb800000, 0x00000000eb800000|100%| E|CS|TAMS 0x00000000eb700000, 0x00000000eb700000| Complete 
| 184|0x00000000eb800000, 0x00000000eb900000, 0x00000000eb900000|100%| E|CS|TAMS 0x00000000eb800000, 0x00000000eb800000| Complete 
| 185|0x00000000eb900000, 0x00000000eba00000, 0x00000000eba00000|100%| E|CS|TAMS 0x00000000eb900000, 0x00000000eb900000| Complete 
| 186|0x00000000eba00000, 0x00000000ebb00000, 0x00000000ebb00000|100%| E|CS|TAMS 0x00000000eba00000, 0x00000000eba00000| Complete 
| 187|0x00000000ebb00000, 0x00000000ebc00000, 0x00000000ebc00000|100%| E|CS|TAMS 0x00000000ebb00000, 0x00000000ebb00000| Complete 
| 188|0x00000000ebc00000, 0x00000000ebd00000, 0x00000000ebd00000|100%| E|CS|TAMS 0x00000000ebc00000, 0x00000000ebc00000| Complete 
| 189|0x00000000ebd00000, 0x00000000ebe00000, 0x00000000ebe00000|100%| E|CS|TAMS 0x00000000ebd00000, 0x00000000ebd00000| Complete 
| 190|0x00000000ebe00000, 0x00000000ebf00000, 0x00000000ebf00000|100%| E|CS|TAMS 0x00000000ebe00000, 0x00000000ebe00000| Complete 
| 191|0x00000000ebf00000, 0x00000000ec000000, 0x00000000ec000000|100%| E|CS|TAMS 0x00000000ebf00000, 0x00000000ebf00000| Complete 
| 192|0x00000000ec000000, 0x00000000ec100000, 0x00000000ec100000|100%| E|CS|TAMS 0x00000000ec000000, 0x00000000ec000000| Complete 
| 193|0x00000000ec100000, 0x00000000ec200000, 0x00000000ec200000|100%| E|CS|TAMS 0x00000000ec100000, 0x00000000ec100000| Complete 
| 194|0x00000000ec200000, 0x00000000ec300000, 0x00000000ec300000|100%| E|CS|TAMS 0x00000000ec200000, 0x00000000ec200000| Complete 
| 195|0x00000000ec300000, 0x00000000ec400000, 0x00000000ec400000|100%| E|CS|TAMS 0x00000000ec300000, 0x00000000ec300000| Complete 
| 196|0x00000000ec400000, 0x00000000ec500000, 0x00000000ec500000|100%| E|CS|TAMS 0x00000000ec400000, 0x00000000ec400000| Complete 
| 197|0x00000000ec500000, 0x00000000ec600000, 0x00000000ec600000|100%| E|CS|TAMS 0x00000000ec500000, 0x00000000ec500000| Complete 
| 198|0x00000000ec600000, 0x00000000ec700000, 0x00000000ec700000|100%| E|CS|TAMS 0x00000000ec600000, 0x00000000ec600000| Complete 
| 199|0x00000000ec700000, 0x00000000ec800000, 0x00000000ec800000|100%| E|CS|TAMS 0x00000000ec700000, 0x00000000ec700000| Complete 
| 200|0x00000000ec800000, 0x00000000ec900000, 0x00000000ec900000|100%| E|CS|TAMS 0x00000000ec800000, 0x00000000ec800000| Complete 
| 201|0x00000000ec900000, 0x00000000eca00000, 0x00000000eca00000|100%| E|CS|TAMS 0x00000000ec900000, 0x00000000ec900000| Complete 
| 202|0x00000000eca00000, 0x00000000ecb00000, 0x00000000ecb00000|100%| E|CS|TAMS 0x00000000eca00000, 0x00000000eca00000| Complete 
| 203|0x00000000ecb00000, 0x00000000ecc00000, 0x00000000ecc00000|100%| E|CS|TAMS 0x00000000ecb00000, 0x00000000ecb00000| Complete 
| 204|0x00000000ecc00000, 0x00000000ecd00000, 0x00000000ecd00000|100%| E|CS|TAMS 0x00000000ecc00000, 0x00000000ecc00000| Complete 
| 205|0x00000000ecd00000, 0x00000000ece00000, 0x00000000ece00000|100%| E|CS|TAMS 0x00000000ecd00000, 0x00000000ecd00000| Complete 
| 206|0x00000000ece00000, 0x00000000ecf00000, 0x00000000ecf00000|100%| E|CS|TAMS 0x00000000ece00000, 0x00000000ece00000| Complete 
| 207|0x00000000ecf00000, 0x00000000ed000000, 0x00000000ed000000|100%| E|CS|TAMS 0x00000000ecf00000, 0x00000000ecf00000| Complete 
| 208|0x00000000ed000000, 0x00000000ed100000, 0x00000000ed100000|100%| E|CS|TAMS 0x00000000ed000000, 0x00000000ed000000| Complete 
| 209|0x00000000ed100000, 0x00000000ed200000, 0x00000000ed200000|100%| E|CS|TAMS 0x00000000ed100000, 0x00000000ed100000| Complete 
| 210|0x00000000ed200000, 0x00000000ed300000, 0x00000000ed300000|100%| E|CS|TAMS 0x00000000ed200000, 0x00000000ed200000| Complete 
| 211|0x00000000ed300000, 0x00000000ed400000, 0x00000000ed400000|100%| E|CS|TAMS 0x00000000ed300000, 0x00000000ed300000| Complete 
| 212|0x00000000ed400000, 0x00000000ed500000, 0x00000000ed500000|100%| E|CS|TAMS 0x00000000ed400000, 0x00000000ed400000| Complete 
| 213|0x00000000ed500000, 0x00000000ed600000, 0x00000000ed600000|100%| E|CS|TAMS 0x00000000ed500000, 0x00000000ed500000| Complete 
| 214|0x00000000ed600000, 0x00000000ed700000, 0x00000000ed700000|100%| E|CS|TAMS 0x00000000ed600000, 0x00000000ed600000| Complete 
| 215|0x00000000ed700000, 0x00000000ed800000, 0x00000000ed800000|100%| E|CS|TAMS 0x00000000ed700000, 0x00000000ed700000| Complete 
| 216|0x00000000ed800000, 0x00000000ed900000, 0x00000000ed900000|100%| E|CS|TAMS 0x00000000ed800000, 0x00000000ed800000| Complete 
| 217|0x00000000ed900000, 0x00000000eda00000, 0x00000000eda00000|100%| E|CS|TAMS 0x00000000ed900000, 0x00000000ed900000| Complete 
| 218|0x00000000eda00000, 0x00000000edb00000, 0x00000000edb00000|100%| E|CS|TAMS 0x00000000eda00000, 0x00000000eda00000| Complete 
| 219|0x00000000edb00000, 0x00000000edc00000, 0x00000000edc00000|100%| E|CS|TAMS 0x00000000edb00000, 0x00000000edb00000| Complete 
| 220|0x00000000edc00000, 0x00000000edd00000, 0x00000000edd00000|100%| E|CS|TAMS 0x00000000edc00000, 0x00000000edc00000| Complete 
| 221|0x00000000edd00000, 0x00000000ede00000, 0x00000000ede00000|100%| E|CS|TAMS 0x00000000edd00000, 0x00000000edd00000| Complete 
| 222|0x00000000ede00000, 0x00000000edf00000, 0x00000000edf00000|100%| E|CS|TAMS 0x00000000ede00000, 0x00000000ede00000| Complete 
| 223|0x00000000edf00000, 0x00000000ee000000, 0x00000000ee000000|100%| E|CS|TAMS 0x00000000edf00000, 0x00000000edf00000| Complete 
| 224|0x00000000ee000000, 0x00000000ee100000, 0x00000000ee100000|100%| E|CS|TAMS 0x00000000ee000000, 0x00000000ee000000| Complete 
| 225|0x00000000ee100000, 0x00000000ee200000, 0x00000000ee200000|100%| E|CS|TAMS 0x00000000ee100000, 0x00000000ee100000| Complete 
| 226|0x00000000ee200000, 0x00000000ee300000, 0x00000000ee300000|100%| E|CS|TAMS 0x00000000ee200000, 0x00000000ee200000| Complete 
| 227|0x00000000ee300000, 0x00000000ee400000, 0x00000000ee400000|100%| E|CS|TAMS 0x00000000ee300000, 0x00000000ee300000| Complete 
| 228|0x00000000ee400000, 0x00000000ee500000, 0x00000000ee500000|100%| E|CS|TAMS 0x00000000ee400000, 0x00000000ee400000| Complete 
| 229|0x00000000ee500000, 0x00000000ee600000, 0x00000000ee600000|100%| E|CS|TAMS 0x00000000ee500000, 0x00000000ee500000| Complete 
| 230|0x00000000ee600000, 0x00000000ee700000, 0x00000000ee700000|100%| E|CS|TAMS 0x00000000ee600000, 0x00000000ee600000| Complete 
| 231|0x00000000ee700000, 0x00000000ee800000, 0x00000000ee800000|100%| E|CS|TAMS 0x00000000ee700000, 0x00000000ee700000| Complete 
| 232|0x00000000ee800000, 0x00000000ee900000, 0x00000000ee900000|100%| E|CS|TAMS 0x00000000ee800000, 0x00000000ee800000| Complete 
| 233|0x00000000ee900000, 0x00000000eea00000, 0x00000000eea00000|100%| E|CS|TAMS 0x00000000ee900000, 0x00000000ee900000| Complete 
| 234|0x00000000eea00000, 0x00000000eeb00000, 0x00000000eeb00000|100%| E|CS|TAMS 0x00000000eea00000, 0x00000000eea00000| Complete 
| 235|0x00000000eeb00000, 0x00000000eec00000, 0x00000000eec00000|100%| E|CS|TAMS 0x00000000eeb00000, 0x00000000eeb00000| Complete 
| 236|0x00000000eec00000, 0x00000000eed00000, 0x00000000eed00000|100%| E|CS|TAMS 0x00000000eec00000, 0x00000000eec00000| Complete 
| 237|0x00000000eed00000, 0x00000000eee00000, 0x00000000eee00000|100%| E|CS|TAMS 0x00000000eed00000, 0x00000000eed00000| Complete 
| 238|0x00000000eee00000, 0x00000000eef00000, 0x00000000eef00000|100%| E|CS|TAMS 0x00000000eee00000, 0x00000000eee00000| Complete 
| 239|0x00000000eef00000, 0x00000000ef000000, 0x00000000ef000000|100%| E|CS|TAMS 0x00000000eef00000, 0x00000000eef00000| Complete 
| 240|0x00000000ef000000, 0x00000000ef100000, 0x00000000ef100000|100%| E|CS|TAMS 0x00000000ef000000, 0x00000000ef000000| Complete 
| 241|0x00000000ef100000, 0x00000000ef200000, 0x00000000ef200000|100%| E|CS|TAMS 0x00000000ef100000, 0x00000000ef100000| Complete 
| 242|0x00000000ef200000, 0x00000000ef300000, 0x00000000ef300000|100%| E|CS|TAMS 0x00000000ef200000, 0x00000000ef200000| Complete 
| 243|0x00000000ef300000, 0x00000000ef400000, 0x00000000ef400000|100%| E|CS|TAMS 0x00000000ef300000, 0x00000000ef300000| Complete 
| 244|0x00000000ef400000, 0x00000000ef500000, 0x00000000ef500000|100%| E|CS|TAMS 0x00000000ef400000, 0x00000000ef400000| Complete 
| 245|0x00000000ef500000, 0x00000000ef600000, 0x00000000ef600000|100%| E|CS|TAMS 0x00000000ef500000, 0x00000000ef500000| Complete 
| 246|0x00000000ef600000, 0x00000000ef700000, 0x00000000ef700000|100%| E|CS|TAMS 0x00000000ef600000, 0x00000000ef600000| Complete 
| 247|0x00000000ef700000, 0x00000000ef800000, 0x00000000ef800000|100%| E|CS|TAMS 0x00000000ef700000, 0x00000000ef700000| Complete 
| 248|0x00000000ef800000, 0x00000000ef900000, 0x00000000ef900000|100%| E|CS|TAMS 0x00000000ef800000, 0x00000000ef800000| Complete 
| 249|0x00000000ef900000, 0x00000000efa00000, 0x00000000efa00000|100%| E|CS|TAMS 0x00000000ef900000, 0x00000000ef900000| Complete 
| 250|0x00000000efa00000, 0x00000000efb00000, 0x00000000efb00000|100%| E|CS|TAMS 0x00000000efa00000, 0x00000000efa00000| Complete 
| 251|0x00000000efb00000, 0x00000000efc00000, 0x00000000efc00000|100%| E|CS|TAMS 0x00000000efb00000, 0x00000000efb00000| Complete 
| 252|0x00000000efc00000, 0x00000000efd00000, 0x00000000efd00000|100%| E|CS|TAMS 0x00000000efc00000, 0x00000000efc00000| Complete 
| 253|0x00000000efd00000, 0x00000000efe00000, 0x00000000efe00000|100%| E|CS|TAMS 0x00000000efd00000, 0x00000000efd00000| Complete 
| 254|0x00000000efe00000, 0x00000000eff00000, 0x00000000eff00000|100%| E|CS|TAMS 0x00000000efe00000, 0x00000000efe00000| Complete 
| 255|0x00000000eff00000, 0x00000000f0000000, 0x00000000f0000000|100%| E|CS|TAMS 0x00000000eff00000, 0x00000000eff00000| Complete 

Card table byte_map: [0x00000203ff510000,0x00000203ff610000] _byte_map_base: 0x00000203fee10000

Marking Bits (Prev, Next): (CMBitMap*) 0x00000203e82f8260, (CMBitMap*) 0x00000203e82f8220
 Prev Bits: [0x0000020380000000, 0x0000020380800000)
 Next Bits: [0x00000203ff710000, 0x00000203fff10000)

Polling page: 0x00000203e6240000

Metaspace:

Usage:
  Non-class:     46.48 MB capacity,    45.69 MB ( 98%) used,   706.50 KB (  1%) free+waste,    95.38 KB ( <1%) overhead. 
      Class:      7.13 MB capacity,     6.80 MB ( 95%) used,   294.05 KB (  4%) free+waste,    40.19 KB ( <1%) overhead. 
       Both:     53.61 MB capacity,    52.50 MB ( 98%) used,  1000.55 KB (  2%) free+waste,   135.56 KB ( <1%) overhead. 

Virtual space:
  Non-class space:       48.00 MB reserved,      46.67 MB ( 97%) committed 
      Class space:      248.00 MB reserved,       7.25 MB (  3%) committed 
             Both:      296.00 MB reserved,      53.92 MB ( 18%) committed 

Chunk freelists:
   Non-Class:  9.00 KB
       Class:  27.00 KB
        Both:  36.00 KB

MaxMetaspaceSize: 256.00 MB
CompressedClassSpaceSize: 248.00 MB

CodeHeap 'non-profiled nmethods': size=120000Kb used=4005Kb max_used=4005Kb free=115994Kb
 bounds [0x00000203f7fe0000, 0x00000203f83d0000, 0x00000203ff510000]
CodeHeap 'profiled nmethods': size=120000Kb used=15790Kb max_used=15790Kb free=104209Kb
 bounds [0x00000203f0ab0000, 0x00000203f1a20000, 0x00000203f7fe0000]
CodeHeap 'non-nmethods': size=5760Kb used=2341Kb max_used=2388Kb free=3418Kb
 bounds [0x00000203f0510000, 0x00000203f0780000, 0x00000203f0ab0000]
 total_blobs=8544 nmethods=7719 adapters=736
 compilation: enabled
              stopped_count=0, restarted_count=0
 full_count=0

Compilation events (20 events):
Event: 238.165 Thread 0x0000020382dfcc50 8594       2       java.io.ObjectOutputStream::writeInt (9 bytes)
Event: 238.165 Thread 0x0000020382dfcc50 nmethod 8594 0x00000203f1a15890 code [0x00000203f1a15a20, 0x00000203f1a15b48]
Event: 238.170 Thread 0x0000020382dfcc50 8595       2       java.text.DecimalFormatSymbols$$Lambda$19/0x0000000800b66dc8::test (5 bytes)
Event: 238.171 Thread 0x0000020382dfcc50 nmethod 8595 0x00000203f1a15c10 code [0x00000203f1a15dc0, 0x00000203f1a15f18]
Event: 238.171 Thread 0x0000020382dfcc50 8596       2       java.text.DecimalFormatSymbols::lambda$findNonFormatChar$0 (15 bytes)
Event: 238.171 Thread 0x0000020382dfcc50 nmethod 8596 0x00000203f1a16010 code [0x00000203f1a161c0, 0x00000203f1a162f8]
Event: 238.171 Thread 0x0000020382dfcc50 8597       2       java.util.stream.FindOps$FindSink$OfInt::accept (9 bytes)
Event: 238.171 Thread 0x0000020382dfcc50 nmethod 8597 0x00000203f1a16410 code [0x00000203f1a165c0, 0x00000203f1a167d8]
Event: 238.171 Thread 0x0000020382dfcc50 8598       2       java.util.stream.Sink$ChainedInt::end (10 bytes)
Event: 238.171 Thread 0x0000020382dfcc50 nmethod 8598 0x00000203f1a16910 code [0x00000203f1a16aa0, 0x00000203f1a16bc8]
Event: 238.171 Thread 0x0000020382dfcc50 8599       2       java.util.stream.FindOps$FindSink$OfInt::get (5 bytes)
Event: 238.172 Thread 0x0000020382dfcc50 nmethod 8599 0x00000203f1a16c90 code [0x00000203f1a16e20, 0x00000203f1a16ff8]
Event: 238.172 Thread 0x0000020382dfcc50 8600       2       java.util.stream.FindOps$FindSink$OfInt::get (25 bytes)
Event: 238.172 Thread 0x0000020382dfcc50 nmethod 8600 0x00000203f1a17110 code [0x00000203f1a172a0, 0x00000203f1a17478]
Event: 238.172 Thread 0x0000020382dfcc50 8601       2       java.util.OptionalInt::of (9 bytes)
Event: 238.172 Thread 0x0000020382dfcc50 nmethod 8601 0x00000203f1a17590 code [0x00000203f1a17720, 0x00000203f1a17858]
Event: 238.172 Thread 0x0000020382dfcc50 8602       2       java.util.OptionalInt::<init> (15 bytes)
Event: 238.172 Thread 0x0000020382dfcc50 nmethod 8602 0x00000203f1a17910 code [0x00000203f1a17aa0, 0x00000203f1a17b98]
Event: 238.247 Thread 0x0000020382dfbb00 nmethod 8540 0x00000203f83c4e10 code [0x00000203f83c53a0, 0x00000203f83c8240]
Event: 238.247 Thread 0x0000020382dfbb00 8541       4       com.sun.tools.javac.jvm.ClassReader::readClass (586 bytes)

GC Heap History (14 events):
Event: 2.715 GC heap before
{Heap before GC invocations=0 (full 0):
 garbage-first heap   total 262144K, used 18432K [0x00000000e0000000, 0x0000000100000000)
  region size 1024K, 13 young (13312K), 0 survivors (0K)
 Metaspace       used 1710K, capacity 5241K, committed 5504K, reserved 262144K
  class space    used 172K, capacity 531K, committed 640K, reserved 253952K
}
Event: 2.723 GC heap after
{Heap after GC invocations=1 (full 0):
 garbage-first heap   total 262144K, used 8151K [0x00000000e0000000, 0x0000000100000000)
  region size 1024K, 2 young (2048K), 2 survivors (2048K)
 Metaspace       used 1710K, capacity 5241K, committed 5504K, reserved 262144K
  class space    used 172K, capacity 531K, committed 640K, reserved 253952K
}
Event: 4.024 GC heap before
{Heap before GC invocations=1 (full 0):
 garbage-first heap   total 262144K, used 19415K [0x00000000e0000000, 0x0000000100000000)
  region size 1024K, 13 young (13312K), 2 survivors (2048K)
 Metaspace       used 3960K, capacity 6607K, committed 6656K, reserved 262144K
  class space    used 488K, capacity 729K, committed 768K, reserved 253952K
}
Event: 4.028 GC heap after
{Heap after GC invocations=2 (full 0):
 garbage-first heap   total 262144K, used 8943K [0x00000000e0000000, 0x0000000100000000)
  region size 1024K, 1 young (1024K), 1 survivors (1024K)
 Metaspace       used 3960K, capacity 6607K, committed 6656K, reserved 262144K
  class space    used 488K, capacity 729K, committed 768K, reserved 253952K
}
Event: 5.141 GC heap before
{Heap before GC invocations=2 (full 0):
 garbage-first heap   total 262144K, used 30447K [0x00000000e0000000, 0x0000000100000000)
  region size 1024K, 23 young (23552K), 1 survivors (1024K)
 Metaspace       used 4088K, capacity 6607K, committed 6656K, reserved 262144K
  class space    used 491K, capacity 729K, committed 768K, reserved 253952K
}
Event: 5.147 GC heap after
{Heap after GC invocations=3 (full 0):
 garbage-first heap   total 262144K, used 11047K [0x00000000e0000000, 0x0000000100000000)
  region size 1024K, 3 young (3072K), 3 survivors (3072K)
 Metaspace       used 4088K, capacity 6607K, committed 6656K, reserved 262144K
  class space    used 491K, capacity 729K, committed 768K, reserved 253952K
}
Event: 12.156 GC heap before
{Heap before GC invocations=3 (full 0):
 garbage-first heap   total 262144K, used 104231K [0x00000000e0000000, 0x0000000100000000)
  region size 1024K, 95 young (97280K), 3 survivors (3072K)
 Metaspace       used 20691K, capacity 21155K, committed 21296K, reserved 272384K
  class space    used 2976K, capacity 3109K, committed 3200K, reserved 253952K
}
Event: 12.170 GC heap after
{Heap after GC invocations=4 (full 0):
 garbage-first heap   total 262144K, used 18869K [0x00000000e0000000, 0x0000000100000000)
  region size 1024K, 11 young (11264K), 11 survivors (11264K)
 Metaspace       used 20691K, capacity 21155K, committed 21296K, reserved 272384K
  class space    used 2976K, capacity 3109K, committed 3200K, reserved 253952K
}
Event: 22.258 GC heap before
{Heap before GC invocations=5 (full 0):
 garbage-first heap   total 262144K, used 102837K [0x00000000e0000000, 0x0000000100000000)
  region size 1024K, 91 young (93184K), 11 survivors (11264K)
 Metaspace       used 35077K, capacity 35778K, committed 35888K, reserved 286720K
  class space    used 4696K, capacity 4909K, committed 4992K, reserved 253952K
}
Event: 22.279 GC heap after
{Heap after GC invocations=6 (full 0):
 garbage-first heap   total 262144K, used 25917K [0x00000000e0000000, 0x0000000100000000)
  region size 1024K, 8 young (8192K), 8 survivors (8192K)
 Metaspace       used 35077K, capacity 35778K, committed 35888K, reserved 286720K
  class space    used 4696K, capacity 4909K, committed 4992K, reserved 253952K
}
Event: 25.515 GC heap before
{Heap before GC invocations=7 (full 0):
 garbage-first heap   total 262144K, used 129341K [0x00000000e0000000, 0x0000000100000000)
  region size 1024K, 109 young (111616K), 8 survivors (8192K)
 Metaspace       used 49969K, capacity 50857K, committed 50992K, reserved 299008K
  class space    used 6730K, capacity 6958K, committed 7040K, reserved 253952K
}
Event: 25.548 GC heap after
{Heap after GC invocations=8 (full 0):
 garbage-first heap   total 262144K, used 34517K [0x00000000e0000000, 0x0000000100000000)
  region size 1024K, 14 young (14336K), 14 survivors (14336K)
 Metaspace       used 49969K, capacity 50857K, committed 50992K, reserved 299008K
  class space    used 6730K, capacity 6958K, committed 7040K, reserved 253952K
}
Event: 209.595 GC heap before
{Heap before GC invocations=9 (full 0):
 garbage-first heap   total 262144K, used 154325K [0x00000000e0000000, 0x0000000100000000)
  region size 1024K, 132 young (135168K), 14 survivors (14336K)
 Metaspace       used 52222K, capacity 53337K, committed 53552K, reserved 301056K
  class space    used 6851K, capacity 7200K, committed 7296K, reserved 253952K
}
Event: 209.620 GC heap after
{Heap after GC invocations=10 (full 0):
 garbage-first heap   total 262144K, used 36766K [0x00000000e0000000, 0x0000000100000000)
  region size 1024K, 10 young (10240K), 10 survivors (10240K)
 Metaspace       used 52222K, capacity 53337K, committed 53552K, reserved 301056K
  class space    used 6851K, capacity 7200K, committed 7296K, reserved 253952K
}

Deoptimization events (20 events):
Event: 232.006 Thread 0x00000203857fca60 Uncommon trap: trap_request=0xffffffde fr.pc=0x00000203f80a5000 relative=0x0000000000000c80
Event: 232.006 Thread 0x00000203857fca60 Uncommon trap: reason=class_check action=maybe_recompile pc=0x00000203f80a5000 method=com.sun.tools.javac.code.Scope$ScopeListenerList.walkReferences(Lcom/sun/tools/javac/code/Symbol;Lcom/sun/tools/javac/code/Scope;Z)V @ 20 c2
Event: 232.006 Thread 0x00000203857fca60 DEOPT PACKING pc=0x00000203f80a5000 sp=0x000000e542df9320
Event: 232.006 Thread 0x00000203857fca60 DEOPT UNPACKING pc=0x00000203f055e42f sp=0x000000e542df9210 mode 2
Event: 232.006 Thread 0x00000203857fca60 Uncommon trap: trap_request=0xffffffde fr.pc=0x00000203f80a5000 relative=0x0000000000000c80
Event: 232.006 Thread 0x00000203857fca60 Uncommon trap: reason=class_check action=maybe_recompile pc=0x00000203f80a5000 method=com.sun.tools.javac.code.Scope$ScopeListenerList.walkReferences(Lcom/sun/tools/javac/code/Symbol;Lcom/sun/tools/javac/code/Scope;Z)V @ 20 c2
Event: 232.006 Thread 0x00000203857fca60 DEOPT PACKING pc=0x00000203f80a5000 sp=0x000000e542df9320
Event: 232.006 Thread 0x00000203857fca60 DEOPT UNPACKING pc=0x00000203f055e42f sp=0x000000e542df9210 mode 2
Event: 232.007 Thread 0x00000203857fca60 Uncommon trap: trap_request=0xffffffde fr.pc=0x00000203f80a5000 relative=0x0000000000000c80
Event: 232.007 Thread 0x00000203857fca60 Uncommon trap: reason=class_check action=maybe_recompile pc=0x00000203f80a5000 method=com.sun.tools.javac.code.Scope$ScopeListenerList.walkReferences(Lcom/sun/tools/javac/code/Symbol;Lcom/sun/tools/javac/code/Scope;Z)V @ 20 c2
Event: 232.007 Thread 0x00000203857fca60 DEOPT PACKING pc=0x00000203f80a5000 sp=0x000000e542df9320
Event: 232.007 Thread 0x00000203857fca60 DEOPT UNPACKING pc=0x00000203f055e42f sp=0x000000e542df9210 mode 2
Event: 232.007 Thread 0x00000203857fca60 Uncommon trap: trap_request=0xffffffde fr.pc=0x00000203f8203fd4 relative=0x00000000000001b4
Event: 232.007 Thread 0x00000203857fca60 Uncommon trap: reason=class_check action=maybe_recompile pc=0x00000203f8203fd4 method=com.sun.tools.javac.code.Scope$ScopeListenerList.walkReferences(Lcom/sun/tools/javac/code/Symbol;Lcom/sun/tools/javac/code/Scope;Z)V @ 20 c2
Event: 232.007 Thread 0x00000203857fca60 DEOPT PACKING pc=0x00000203f8203fd4 sp=0x000000e542df9280
Event: 232.007 Thread 0x00000203857fca60 DEOPT UNPACKING pc=0x00000203f055e42f sp=0x000000e542df9220 mode 2
Event: 232.009 Thread 0x00000203857fca60 Uncommon trap: trap_request=0xffffff45 fr.pc=0x00000203f830b200 relative=0x00000000000009c0
Event: 232.009 Thread 0x00000203857fca60 Uncommon trap: reason=unstable_if action=reinterpret pc=0x00000203f830b200 method=com.sun.tools.javac.util.ListBuffer.copy()V @ 7 c2
Event: 232.009 Thread 0x00000203857fca60 DEOPT PACKING pc=0x00000203f830b200 sp=0x000000e542df99f0
Event: 232.009 Thread 0x00000203857fca60 DEOPT UNPACKING pc=0x00000203f055e42f sp=0x000000e542df9960 mode 2

Classes unloaded (0 events):
No events

Classes redefined (0 events):
No events

Internal exceptions (20 events):
Event: 232.036 Thread 0x00000203857fca60 Exception <a 'sun/nio/fs/WindowsException'{0x00000000eba81a38}> (0x00000000eba81a38) 
thrown [./open/src/hotspot/share/prims/jni.cpp, line 578]
Event: 232.039 Thread 0x00000203857fca60 Exception <a 'sun/nio/fs/WindowsException'{0x00000000eba882a0}> (0x00000000eba882a0) 
thrown [./open/src/hotspot/share/prims/jni.cpp, line 578]
Event: 232.046 Thread 0x00000203857fca60 Exception <a 'sun/nio/fs/WindowsException'{0x00000000eba8dc30}> (0x00000000eba8dc30) 
thrown [./open/src/hotspot/share/prims/jni.cpp, line 578]
Event: 232.049 Thread 0x00000203857fca60 Exception <a 'sun/nio/fs/WindowsException'{0x00000000eba93800}> (0x00000000eba93800) 
thrown [./open/src/hotspot/share/prims/jni.cpp, line 578]
Event: 232.052 Thread 0x00000203857fca60 Exception <a 'sun/nio/fs/WindowsException'{0x00000000eba99190}> (0x00000000eba99190) 
thrown [./open/src/hotspot/share/prims/jni.cpp, line 578]
Event: 232.055 Thread 0x00000203857fca60 Exception <a 'sun/nio/fs/WindowsException'{0x00000000eba9d788}> (0x00000000eba9d788) 
thrown [./open/src/hotspot/share/prims/jni.cpp, line 578]
Event: 232.064 Thread 0x00000203857fca60 Exception <a 'sun/nio/fs/WindowsException'{0x00000000ebaacd50}> (0x00000000ebaacd50) 
thrown [./open/src/hotspot/share/prims/jni.cpp, line 578]
Event: 232.068 Thread 0x00000203857fca60 Exception <a 'sun/nio/fs/WindowsException'{0x00000000ebab8c28}> (0x00000000ebab8c28) 
thrown [./open/src/hotspot/share/prims/jni.cpp, line 578]
Event: 232.101 Thread 0x00000203857fca60 Exception <a 'sun/nio/fs/WindowsException'{0x00000000eb9cf8d8}> (0x00000000eb9cf8d8) 
thrown [./open/src/hotspot/share/prims/jni.cpp, line 578]
Event: 232.105 Thread 0x00000203857fca60 Exception <a 'sun/nio/fs/WindowsException'{0x00000000eb9d6d10}> (0x00000000eb9d6d10) 
thrown [./open/src/hotspot/share/prims/jni.cpp, line 578]
Event: 232.418 Thread 0x0000020387d86af0 Exception <a 'java/lang/reflect/InvocationTargetException'{0x00000000ed1e1540}> (0x00000000ed1e1540) 
thrown [./open/src/hotspot/share/runtime/reflection.cpp, line 1157]
Event: 238.074 Thread 0x0000020387d89b10 Exception <a 'sun/nio/fs/WindowsException'{0x00000000eb22cc58}> (0x00000000eb22cc58) 
thrown [./open/src/hotspot/share/prims/jni.cpp, line 578]
Event: 238.074 Thread 0x0000020387d89b10 Exception <a 'sun/nio/fs/WindowsException'{0x00000000eb22cf58}> (0x00000000eb22cf58) 
thrown [./open/src/hotspot/share/prims/jni.cpp, line 578]
Event: 238.084 Thread 0x0000020387d89b10 Exception <a 'sun/nio/fs/WindowsException'{0x00000000eb1e2130}> (0x00000000eb1e2130) 
thrown [./open/src/hotspot/share/prims/jni.cpp, line 578]
Event: 238.088 Thread 0x0000020387d89b10 Exception <a 'sun/nio/fs/WindowsException'{0x00000000eaf04b60}> (0x00000000eaf04b60) 
thrown [./open/src/hotspot/share/prims/jni.cpp, line 578]
Event: 238.088 Thread 0x0000020387d89b10 Exception <a 'sun/nio/fs/WindowsException'{0x00000000eaf04e20}> (0x00000000eaf04e20) 
thrown [./open/src/hotspot/share/prims/jni.cpp, line 578]
Event: 238.091 Thread 0x0000020387d89b10 Exception <a 'sun/nio/fs/WindowsException'{0x00000000ead31370}> (0x00000000ead31370) 
thrown [./open/src/hotspot/share/prims/jni.cpp, line 578]
Event: 238.091 Thread 0x0000020387d89b10 Exception <a 'sun/nio/fs/WindowsException'{0x00000000ead31628}> (0x00000000ead31628) 
thrown [./open/src/hotspot/share/prims/jni.cpp, line 578]
Event: 238.131 Thread 0x0000020387d89b10 Exception <a 'sun/nio/fs/WindowsException'{0x00000000ea4af888}> (0x00000000ea4af888) 
thrown [./open/src/hotspot/share/prims/jni.cpp, line 578]
Event: 238.134 Thread 0x0000020387d89b10 Exception <a 'sun/nio/fs/WindowsException'{0x00000000ea4b7168}> (0x00000000ea4b7168) 
thrown [./open/src/hotspot/share/prims/jni.cpp, line 578]

Events (20 events):
Event: 237.925 Thread 0x0000020387d85c80 Thread added: 0x0000020387d85c80
Event: 237.928 Thread 0x0000020387d8c190 Thread added: 0x0000020387d8c190
Event: 237.939 Thread 0x0000020387d887d0 Thread added: 0x0000020387d887d0
Event: 237.940 Thread 0x0000020387d86af0 Thread added: 0x0000020387d86af0
Event: 237.941 Thread 0x0000020387d8cb30 Thread added: 0x0000020387d8cb30
Event: 237.950 Thread 0x0000020387d89640 Thread added: 0x0000020387d89640
Event: 237.957 Thread 0x0000020387d87490 Thread added: 0x0000020387d87490
Event: 237.959 Thread 0x0000020387d87960 Thread added: 0x0000020387d87960
Event: 237.961 Thread 0x0000020387d88300 Thread added: 0x0000020387d88300
Event: 238.010 Thread 0x0000020387d87e30 Thread added: 0x0000020387d87e30
Event: 238.038 Thread 0x0000020387d89b10 Thread added: 0x0000020387d89b10
Event: 238.038 Thread 0x0000020387d8b320 Thread added: 0x0000020387d8b320
Event: 238.038 Thread 0x0000020387d89fe0 Thread added: 0x0000020387d89fe0
Event: 238.041 Thread 0x0000020387d8b7f0 Thread added: 0x0000020387d8b7f0
Event: 238.058 Thread 0x0000020387d8bcc0 Thread added: 0x0000020387d8bcc0
Event: 238.139 Executing VM operation: ICBufferFull
Event: 238.139 Executing VM operation: ICBufferFull done
Event: 238.139 Executing VM operation: HandshakeAllThreads
Event: 238.139 Executing VM operation: HandshakeAllThreads done
Event: 238.176 Thread 0x00000203857fc590 Thread added: 0x00000203857fc590


Dynamic libraries:
0x00007ff6b2e10000 - 0x00007ff6b2e1f000 	C:\Program Files\Java\jdk-15.0.1\bin\java.exe
0x00007ffbc13d0000 - 0x00007ffbc15c4000 	C:\Windows\SYSTEM32\ntdll.dll
0x00007ffbbf530000 - 0x00007ffbbf5ed000 	C:\Windows\System32\KERNEL32.DLL
0x00007ffbbeb20000 - 0x00007ffbbede7000 	C:\Windows\System32\KERNELBASE.dll
0x00007ffbbf2e0000 - 0x00007ffbbf3e0000 	C:\Windows\System32\ucrtbase.dll
0x00007ffbba6c0000 - 0x00007ffbba6d8000 	C:\Program Files\Java\jdk-15.0.1\bin\jli.dll
0x00007ffbb8fa0000 - 0x00007ffbb8fb9000 	C:\Program Files\Java\jdk-15.0.1\bin\VCRUNTIME140.dll
0x00007ffbbf860000 - 0x00007ffbbf90a000 	C:\Windows\System32\ADVAPI32.dll
0x00007ffbc1110000 - 0x00007ffbc11ae000 	C:\Windows\System32\msvcrt.dll
0x00007ffbc02a0000 - 0x00007ffbc033b000 	C:\Windows\System32\sechost.dll
0x00007ffbc11e0000 - 0x00007ffbc1303000 	C:\Windows\System32\RPCRT4.dll
0x00007ffbc0d10000 - 0x00007ffbc0eb0000 	C:\Windows\System32\USER32.dll
0x00007ffbbf110000 - 0x00007ffbbf132000 	C:\Windows\System32\win32u.dll
0x00007ffbaea20000 - 0x00007ffbaecba000 	C:\Windows\WinSxS\amd64_microsoft.windows.common-controls_6595b64144ccf1df_6.0.19041.1_none_b555e41d4684ddec\COMCTL32.dll
0x00007ffbc0eb0000 - 0x00007ffbc0eda000 	C:\Windows\System32\GDI32.dll
0x00007ffbbf000000 - 0x00007ffbbf10a000 	C:\Windows\System32\gdi32full.dll
0x00007ffbbf140000 - 0x00007ffbbf1dd000 	C:\Windows\System32\msvcp_win.dll
0x00007ffbaccb0000 - 0x00007ffbaccba000 	C:\Windows\SYSTEM32\VERSION.dll
0x00007ffbc11b0000 - 0x00007ffbc11e0000 	C:\Windows\System32\IMM32.DLL
0x00007ffbba6b0000 - 0x00007ffbba6bc000 	C:\Program Files\Java\jdk-15.0.1\bin\vcruntime140_1.dll
0x00007ffbb8c00000 - 0x00007ffbb8c91000 	C:\Program Files\Java\jdk-15.0.1\bin\msvcp140.dll
0x00007ffb8cbb0000 - 0x00007ffb8d70e000 	C:\Program Files\Java\jdk-15.0.1\bin\server\jvm.dll
0x00007ffbc0a80000 - 0x00007ffbc0a88000 	C:\Windows\System32\PSAPI.DLL
0x00007ffbb19c0000 - 0x00007ffbb19e7000 	C:\Windows\SYSTEM32\WINMM.dll
0x00007ffbba6a0000 - 0x00007ffbba6a9000 	C:\Windows\SYSTEM32\WSOCK32.dll
0x00007ffbc0b20000 - 0x00007ffbc0b8b000 	C:\Windows\System32\WS2_32.dll
0x00007ffbbcab0000 - 0x00007ffbbcac3000 	C:\Windows\SYSTEM32\kernel.appcore.dll
0x00007ffbb8fd0000 - 0x00007ffbb8fda000 	C:\Program Files\Java\jdk-15.0.1\bin\jimage.dll
0x00007ffbaca50000 - 0x00007ffbacc34000 	C:\Windows\SYSTEM32\DBGHELP.DLL
0x00007ffbaca20000 - 0x00007ffbaca4c000 	C:\Windows\SYSTEM32\dbgcore.DLL
0x00007ffbbf1e0000 - 0x00007ffbbf25f000 	C:\Windows\System32\bcryptPrimitives.dll
0x00007ffbb8bd0000 - 0x00007ffbb8bf5000 	C:\Program Files\Java\jdk-15.0.1\bin\java.dll
0x00007ffbc0340000 - 0x00007ffbc0a74000 	C:\Windows\System32\SHELL32.dll
0x00007ffbbccb0000 - 0x00007ffbbd43e000 	C:\Windows\SYSTEM32\windows.storage.dll
0x00007ffbbfeb0000 - 0x00007ffbc0203000 	C:\Windows\System32\combase.dll
0x00007ffbbe530000 - 0x00007ffbbe55b000 	C:\Windows\SYSTEM32\Wldp.dll
0x00007ffbc0c60000 - 0x00007ffbc0d0e000 	C:\Windows\System32\SHCORE.dll
0x00007ffbbf7a0000 - 0x00007ffbbf7f5000 	C:\Windows\System32\shlwapi.dll
0x00007ffbbea60000 - 0x00007ffbbea7f000 	C:\Windows\SYSTEM32\profapi.dll
0x00007ffbb8b70000 - 0x00007ffbb8b89000 	C:\Program Files\Java\jdk-15.0.1\bin\net.dll
0x00007ffbb3450000 - 0x00007ffbb3550000 	C:\Windows\SYSTEM32\WINHTTP.dll
0x00007ffbbe2b0000 - 0x00007ffbbe31a000 	C:\Windows\system32\mswsock.dll
0x00007ffbb8b50000 - 0x00007ffbb8b62000 	C:\Program Files\Java\jdk-15.0.1\bin\nio.dll
0x00007ffbb0ff0000 - 0x00007ffbb1008000 	C:\Program Files\Java\jdk-15.0.1\bin\zip.dll
0x00007ffbb8b40000 - 0x00007ffbb8b50000 	C:\Program Files\Java\jdk-15.0.1\bin\verify.dll
0x00007ffbb9690000 - 0x00007ffbb96b6000 	C:\Users\Niko\.gradle\native\fdc75f09e3144964f2cf3f50f0aa648679c211496f362492102eb8c894070792\windows-amd64\native-platform.dll
0x00007ffb8ed40000 - 0x00007ffb8eed1000 	C:\Users\Niko\.gradle\native\12488b8bf47d2d4c9fbf2f6322a914ad602e24e48041cd04a747c6da556b65c4\windows-amd64\native-platform-file-events.dll
0x00007ffbb0fe0000 - 0x00007ffbb0fe9000 	C:\Program Files\Java\jdk-15.0.1\bin\management.dll
0x00007ffbb0fd0000 - 0x00007ffbb0fdb000 	C:\Program Files\Java\jdk-15.0.1\bin\management_ext.dll
0x00007ffbbe480000 - 0x00007ffbbe498000 	C:\Windows\SYSTEM32\CRYPTSP.dll
0x00007ffbbdbe0000 - 0x00007ffbbdc14000 	C:\Windows\system32\rsaenh.dll
0x00007ffbbf2b0000 - 0x00007ffbbf2d7000 	C:\Windows\System32\bcrypt.dll
0x00007ffbbea20000 - 0x00007ffbbea4e000 	C:\Windows\SYSTEM32\USERENV.dll
0x00007ffbbe4a0000 - 0x00007ffbbe4ac000 	C:\Windows\SYSTEM32\CRYPTBASE.dll
0x00007ffbbdf40000 - 0x00007ffbbdf7b000 	C:\Windows\SYSTEM32\IPHLPAPI.DLL
0x00007ffbbf520000 - 0x00007ffbbf529000 	C:\Windows\System32\NSI.dll
0x00007ffbb3cd0000 - 0x00007ffbb3ce7000 	C:\Windows\SYSTEM32\dhcpcsvc6.DLL
0x00007ffbb3e20000 - 0x00007ffbb3e3d000 	C:\Windows\SYSTEM32\dhcpcsvc.DLL
0x00007ffbbdf80000 - 0x00007ffbbe04a000 	C:\Windows\SYSTEM32\DNSAPI.dll
0x00007ffbb67f0000 - 0x00007ffbb67fb000 	C:\Windows\SYSTEM32\WINNSI.DLL

dbghelp: loaded successfully - version: 4.0.5 - missing functions: none
symbol engine: initialized successfully - sym options: 0x614 - pdb path: .;C:\Program Files\Java\jdk-15.0.1\bin;C:\Windows\SYSTEM32;C:\Windows\WinSxS\amd64_microsoft.windows.common-controls_6595b64144ccf1df_6.0.19041.1_none_b555e41d4684ddec;C:\Program Files\Java\jdk-15.0.1\bin\server;C:\Users\Niko\.gradle\native\fdc75f09e3144964f2cf3f50f0aa648679c211496f362492102eb8c894070792\windows-amd64;C:\Users\Niko\.gradle\native\12488b8bf47d2d4c9fbf2f6322a914ad602e24e48041cd04a747c6da556b65c4\windows-amd64

VM Arguments:
jvm_args: --add-opens=java.base/java.util=ALL-UNNAMED --add-opens=java.base/java.lang=ALL-UNNAMED --add-opens=java.base/java.lang.invoke=ALL-UNNAMED --add-opens=java.prefs/java.util.prefs=ALL-UNNAMED -XX:MaxMetaspaceSize=256m -XX:+HeapDumpOnOutOfMemoryError -Xms256m -Xmx512m -Dfile.encoding=windows-1251 -Duser.country=RU -Duser.language=ru -Duser.variant 
java_command: org.gradle.launcher.daemon.bootstrap.GradleDaemon 6.7
java_class_path (initial): C:\Users\Niko\.gradle\wrapper\dists\gradle-6.7-bin\efvqh8uyq79v2n7rcncuhu9sv\gradle-6.7\lib\gradle-launcher-6.7.jar
Launcher Type: SUN_STANDARD

[Global flags]
     intx CICompilerCount                          = 3                                         {product} {ergonomic}
   size_t CompressedClassSpaceSize                 = 260046848                                 {product} {ergonomic}
     uint ConcGCThreads                            = 1                                         {product} {ergonomic}
     uint G1ConcRefinementThreads                  = 4                                         {product} {ergonomic}
   size_t G1HeapRegionSize                         = 1048576                                   {product} {ergonomic}
    uintx GCDrainStackTargetSize                   = 64                                        {product} {ergonomic}
     bool HeapDumpOnOutOfMemoryError               = true                                   {manageable} {command line}
   size_t InitialHeapSize                          = 268435456                                 {product} {command line}
   size_t MarkStackSize                            = 4194304                                   {product} {ergonomic}
   size_t MaxHeapSize                              = 536870912                                 {product} {command line}
   size_t MaxMetaspaceSize                         = 268435456                                 {product} {command line}
   size_t MaxNewSize                               = 321912832                                 {product} {ergonomic}
   size_t MinHeapDeltaBytes                        = 1048576                                   {product} {ergonomic}
   size_t MinHeapSize                              = 268435456                                 {product} {command line}
    uintx NonNMethodCodeHeapSize                   = 5832780                                {pd product} {ergonomic}
    uintx NonProfiledCodeHeapSize                  = 122912730                              {pd product} {ergonomic}
    uintx ProfiledCodeHeapSize                     = 122912730                              {pd product} {ergonomic}
    uintx ReservedCodeCacheSize                    = 251658240                              {pd product} {ergonomic}
     bool SegmentedCodeCache                       = true                                      {product} {ergonomic}
   size_t SoftMaxHeapSize                          = 536870912                              {manageable} {ergonomic}
     bool UseCompressedClassPointers               = true                                 {lp64_product} {ergonomic}
     bool UseCompressedOops                        = true                                 {lp64_product} {ergonomic}
     bool UseG1GC                                  = true                                      {product} {ergonomic}
     bool UseLargePagesIndividualAllocation        = false                                  {pd product} {ergonomic}

Logging:
Log output configuration:
 #0: stdout all=warning uptime,level,tags
 #1: stderr all=off uptime,level,tags

Environment Variables:
PATH=C:\Program Files\Common Files\Oracle\Java\javapath;C:\Windows\SYSTEM32;C:\Windows;C:\Windows\SYSTEM32\WBEM;C:\Windows\SYSTEM32\WINDOWSPOWERSHELL\V1.0\;C:\Windows\SYSTEM32\OPENSSH\;C:\Program Files\Git\cmd;C:\Users\Niko\AppData\Local\Microsoft\WindowsApps;C:\Users\Niko\AppData\Local\Programs\Microsoft VS Code\bin
USERNAME=Niko
OS=Windows_NT
PROCESSOR_IDENTIFIER=Intel64 Family 6 Model 58 Stepping 9, GenuineIntel



---------------  S Y S T E M  ---------------

OS:
 Windows 10 , 64 bit Build 19041 (10.0.19041.292)
OS uptime: 0 days 20:28 hours

CPU: total 4 (initial active 4) (2 cores per cpu, 2 threads per core) family 6 model 58 stepping 9 microcode 0x21, cmov, cx8, fxsr, mmx, sse, sse2, sse3, ssse3, sse4.1, sse4.2, popcnt, vzeroupper, avx, aes, clmul, erms, ht, tsc, tscinvbit, tscinv, clflush

Memory: 4k page, system-wide physical 3988M (366M free)
TotalPageFile size 3988M (AvailPageFile size 127M)
current process WorkingSet (physical memory assigned to process): 343M, peak: 362M
current process commit charge ("private bytes"): 463M, peak: 489M

vm_info: Java HotSpot(TM) 64-Bit Server VM (15.0.1+9-18) for windows-amd64 JRE (15.0.1+9-18), built on Sep 15 2020 14:43:54 by "mach5one" with unknown MS VC++:1925

END.
