#
# There is insufficient memory for the Java Runtime Environment to continue.
# Native memory allocation (malloc) failed to allocate 98960 bytes for Chunk::new
# Possible reasons:
#   The system is out of physical RAM or swap space
#   The process is running with CompressedOops enabled, and the Java Heap may be blocking the growth of the native heap
# Possible solutions:
#   Reduce memory load on the system
#   Increase physical memory or swap space
#   Check if swap backing store is full
#   Decrease Java heap size (-Xmx/-Xms)
#   Decrease number of Java threads
#   Decrease Java thread stack sizes (-Xss)
#   Set larger code cache with -XX:ReservedCodeCacheSize=
#   JVM is running with Unscaled Compressed Oops mode in which the Java heap is
#     placed in the first 4GB address space. The Java Heap base address is the
#     maximum limit for the native heap growth. Please use -XX:HeapBaseMinAddress
#     to set the Java Heap base and to place the Java Heap above 4GB virtual address.
# This output file may be truncated or incomplete.
#
#  Out of Memory Error (./open/src/hotspot/share/memory/arena.cpp:195), pid=3652, tid=4292
#
# JRE version: Java(TM) SE Runtime Environment (15.0.1+9) (build 15.0.1+9-18)
# Java VM: Java HotSpot(TM) 64-Bit Server VM (15.0.1+9-18, mixed mode, sharing, tiered, compressed oops, g1 gc, windows-amd64)
# No core dump will be written. Minidumps are not enabled by default on client versions of Windows
#

---------------  S U M M A R Y ------------

Command Line: -Dfile.encoding=windows-1251 -Duser.country=RU -Duser.language=ru -Duser.variant StartGame

Host: Intel(R) Core(TM) i5-3210M CPU @ 2.50GHz, 4 cores, 3G,  Windows 10 , 64 bit Build 19041 (10.0.19041.292)
Time: Mon Dec 14 21:56:36 2020 Египетское время (зима) elapsed time: 0.092373 seconds (0d 0h 0m 0s)

---------------  T H R E A D  ---------------

Current thread (0x000002651b132610):  JavaThread "main" [_thread_in_vm, id=4292, stack(0x000000b24f000000,0x000000b24f100000)]

Stack: [0x000000b24f000000,0x000000b24f100000]
Native frames: (J=compiled Java code, j=interpreted, Vv=VM code, C=native code)
V  [jvm.dll+0x62ae9a]
V  [jvm.dll+0x781389]
V  [jvm.dll+0x782ae3]
V  [jvm.dll+0x783143]
V  [jvm.dll+0x216265]
V  [jvm.dll+0x97efa]
V  [jvm.dll+0x985dc]
V  [jvm.dll+0x1c677f]
V  [jvm.dll+0x1c5580]
V  [jvm.dll+0x706143]
V  [jvm.dll+0x707b08]
V  [jvm.dll+0x3e0ae4]
C  [java.dll+0x19e9]

Java frames: (J=compiled Java code, j=interpreted, Vv=VM code)
j  java.lang.ClassLoader.findBootstrapClass(Ljava/lang/String;)Ljava/lang/Class;+0 java.base@15.0.1
j  java.lang.ClassLoader.findBootstrapClassOrNull(Ljava/lang/String;)Ljava/lang/Class;+12 java.base@15.0.1
j  java.lang.System$2.findBootstrapClassOrNull(Ljava/lang/ClassLoader;Ljava/lang/String;)Ljava/lang/Class;+2 java.base@15.0.1
j  jdk.internal.loader.ClassLoaders$BootClassLoader.loadClassOrNull(Ljava/lang/String;Z)Ljava/lang/Class;+5 java.base@15.0.1
j  jdk.internal.loader.BuiltinClassLoader.loadClassOrNull(Ljava/lang/String;)Ljava/lang/Class;+3 java.base@15.0.1
j  jdk.internal.loader.BuiltinClassLoader.loadClassOrNull(Ljava/lang/String;Z)Ljava/lang/Class;+66 java.base@15.0.1
j  jdk.internal.loader.BuiltinClassLoader.loadClass(Ljava/lang/String;Z)Ljava/lang/Class;+3 java.base@15.0.1
j  jdk.internal.loader.ClassLoaders$AppClassLoader.loadClass(Ljava/lang/String;Z)Ljava/lang/Class;+36 java.base@15.0.1
j  java.lang.ClassLoader.loadClass(Ljava/lang/String;)Ljava/lang/Class;+3 java.base@15.0.1
v  ~StubRoutines::call_stub
j  java.lang.Class.getDeclaredMethods0(Z)[Ljava/lang/reflect/Method;+0 java.base@15.0.1
j  java.lang.Class.privateGetDeclaredMethods(Z)[Ljava/lang/reflect/Method;+34 java.base@15.0.1
j  java.lang.Class.getMethodsRecursive(Ljava/lang/String;[Ljava/lang/Class;Z)Ljava/lang/PublicMethods$MethodList;+2 java.base@15.0.1
j  java.lang.Class.getMethod0(Ljava/lang/String;[Ljava/lang/Class;)Ljava/lang/reflect/Method;+14 java.base@15.0.1
j  java.lang.Class.getMethod(Ljava/lang/String;[Ljava/lang/Class;)Ljava/lang/reflect/Method;+26 java.base@15.0.1
j  sun.launcher.LauncherHelper.validateMainClass(Ljava/lang/Class;)V+16 java.base@15.0.1
j  sun.launcher.LauncherHelper.checkAndLoadMain(ZILjava/lang/String;)Ljava/lang/Class;+80 java.base@15.0.1
v  ~StubRoutines::call_stub

---------------  P R O C E S S  ---------------

Threads class SMR info:
_java_thread_list=0x000002653970b4e0, length=11, elements={
0x000002651b132610, 0x0000026538c58fd0, 0x0000026538c599b0, 0x0000026538c74e70,
0x0000026538c77930, 0x0000026538c783e0, 0x0000026538c7ebe0, 0x0000026538c81ab0,
0x0000026538c8a4b0, 0x00000265396fff10, 0x000002653970c0b0
}

Java Threads: ( => current thread )
=>0x000002651b132610 JavaThread "main" [_thread_in_vm, id=4292, stack(0x000000b24f000000,0x000000b24f100000)]
  0x0000026538c58fd0 JavaThread "Reference Handler" daemon [_thread_blocked, id=3316, stack(0x000000b24f700000,0x000000b24f800000)]
  0x0000026538c599b0 JavaThread "Finalizer" daemon [_thread_blocked, id=3080, stack(0x000000b24f800000,0x000000b24f900000)]
  0x0000026538c74e70 JavaThread "Signal Dispatcher" daemon [_thread_blocked, id=2124, stack(0x000000b24f900000,0x000000b24fa00000)]
  0x0000026538c77930 JavaThread "Attach Listener" daemon [_thread_blocked, id=6940, stack(0x000000b24fa00000,0x000000b24fb00000)]
  0x0000026538c783e0 JavaThread "Service Thread" daemon [_thread_blocked, id=6712, stack(0x000000b24fb00000,0x000000b24fc00000)]
  0x0000026538c7ebe0 JavaThread "C2 CompilerThread0" daemon [_thread_blocked, id=4456, stack(0x000000b24fc00000,0x000000b24fd00000)]
  0x0000026538c81ab0 JavaThread "C1 CompilerThread0" daemon [_thread_blocked, id=6724, stack(0x000000b24fd00000,0x000000b24fe00000)]
  0x0000026538c8a4b0 JavaThread "Sweeper thread" daemon [_thread_blocked, id=6436, stack(0x000000b24fe00000,0x000000b24ff00000)]
  0x00000265396fff10 JavaThread "Notification Thread" daemon [_thread_blocked, id=1108, stack(0x000000b24ff00000,0x000000b250000000)]
  0x000002653970c0b0 JavaThread "Common-Cleaner" daemon [_thread_blocked, id=4984, stack(0x000000b250100000,0x000000b250200000)]

Other Threads:
  0x000002651b20b4f0 VMThread "VM Thread" [stack: 0x000000b24f600000,0x000000b24f700000] [id=6584] _threads_hazard_ptr=0x000002653970b4e0
  0x0000026539702c00 WatcherThread [stack: 0x000000b250000000,0x000000b250100000] [id=5200]
  0x000002651b15c450 GCTaskThread "GC Thread#0" [stack: 0x000000b24f100000,0x000000b24f200000] [id=5960]
  0x00000265396e6d90 GCTaskThread "GC Thread#1" [stack: 0x000000b250200000,0x000000b250300000] [id=1340]
  0x000002651b167300 ConcurrentGCThread "G1 Main Marker" [stack: 0x000000b24f200000,0x000000b24f300000] [id=3836]
  0x000002651b168690 ConcurrentGCThread "G1 Conc#0" [stack: 0x000000b24f300000,0x000000b24f400000] [id=5876]
  0x000002651b1ee270 ConcurrentGCThread "G1 Refine#0" [stack: 0x000000b24f400000,0x000000b24f500000] [id=1192]
  0x000002651b1eee70 ConcurrentGCThread "G1 Young RemSet Sampling" [stack: 0x000000b24f500000,0x000000b24f600000] [id=5476]

Threads with active compile tasks:

VM state: synchronizing (normal execution)

VM Mutex/Monitor currently owned by a thread:  ([mutex/lock_event])
[0x000002651b12e9c0] Threads_lock - owner thread: 0x000002651b20b4f0
[0x000002651b12d610] Heap_lock - owner thread: 0x000002651b167300

Heap address: 0x00000000c1a00000, size: 998 MB, Compressed Oops mode: 32-bit
CDS archive(s) mapped at: [0x0000000800000000-0x0000000800b50000-0x0000000800b50000), size 11862016, SharedBaseAddress: 0x0000000800000000, ArchiveRelocationMode: 0.
Compressed class space mapped at: 0x0000000800b50000-0x0000000840b50000, size: 1073741824
Narrow klass base: 0x0000000800000000, Narrow klass shift: 3, Narrow klass range: 0x100000000

GC Precious Log:
 CPUs: 4 total, 4 available
 Memory: 3988M
 Large Page Support: Disabled
 NUMA Support: Disabled
 Compressed Oops: Enabled (32-bit)
 Heap Region Size: 1M
 Heap Min Capacity: 8M
 Heap Initial Capacity: 64M
 Heap Max Capacity: 998M
 Pre-touch: Disabled
 Parallel Workers: 4
 Concurrent Workers: 1
 Concurrent Refinement Workers: 4
 Periodic GC: Disabled

Heap:
 garbage-first heap   total 65536K, used 546K [0x00000000c1a00000, 0x0000000100000000)
  region size 1024K, 2 young (2048K), 1 survivors (1024K)
 Metaspace       used 183K, capacity 4486K, committed 4864K, reserved 1064960K
  class space    used 5K, capacity 386K, committed 512K, reserved 1048576K

Heap Regions: E=young(eden), S=young(survivor), O=old, HS=humongous(starts), HC=humongous(continues), CS=collection set, F=free, OA=open archive, CA=closed archive, TAMS=top-at-mark-start (previous, next)
|   0|0x00000000c1a00000, 0x00000000c1a00000, 0x00000000c1b00000|  0%| F|  |TAMS 0x00000000c1a00000, 0x00000000c1a00000| Untracked 
|   1|0x00000000c1b00000, 0x00000000c1b00000, 0x00000000c1c00000|  0%| F|  |TAMS 0x00000000c1b00000, 0x00000000c1b00000| Untracked 
|   2|0x00000000c1c00000, 0x00000000c1c00000, 0x00000000c1d00000|  0%| F|  |TAMS 0x00000000c1c00000, 0x00000000c1c00000| Untracked 
|   3|0x00000000c1d00000, 0x00000000c1d00000, 0x00000000c1e00000|  0%| F|  |TAMS 0x00000000c1d00000, 0x00000000c1d00000| Untracked 
|   4|0x00000000c1e00000, 0x00000000c1e00000, 0x00000000c1f00000|  0%| F|  |TAMS 0x00000000c1e00000, 0x00000000c1e00000| Untracked 
|   5|0x00000000c1f00000, 0x00000000c1f00000, 0x00000000c2000000|  0%| F|  |TAMS 0x00000000c1f00000, 0x00000000c1f00000| Untracked 
|   6|0x00000000c2000000, 0x00000000c2000000, 0x00000000c2100000|  0%| F|  |TAMS 0x00000000c2000000, 0x00000000c2000000| Untracked 
|   7|0x00000000c2100000, 0x00000000c2100000, 0x00000000c2200000|  0%| F|  |TAMS 0x00000000c2100000, 0x00000000c2100000| Untracked 
|   8|0x00000000c2200000, 0x00000000c2200000, 0x00000000c2300000|  0%| F|  |TAMS 0x00000000c2200000, 0x00000000c2200000| Untracked 
|   9|0x00000000c2300000, 0x00000000c2300000, 0x00000000c2400000|  0%| F|  |TAMS 0x00000000c2300000, 0x00000000c2300000| Untracked 
|  10|0x00000000c2400000, 0x00000000c2400000, 0x00000000c2500000|  0%| F|  |TAMS 0x00000000c2400000, 0x00000000c2400000| Untracked 
|  11|0x00000000c2500000, 0x00000000c2500000, 0x00000000c2600000|  0%| F|  |TAMS 0x00000000c2500000, 0x00000000c2500000| Untracked 
|  12|0x00000000c2600000, 0x00000000c2600000, 0x00000000c2700000|  0%| F|  |TAMS 0x00000000c2600000, 0x00000000c2600000| Untracked 
|  13|0x00000000c2700000, 0x00000000c2700000, 0x00000000c2800000|  0%| F|  |TAMS 0x00000000c2700000, 0x00000000c2700000| Untracked 
|  14|0x00000000c2800000, 0x00000000c2800000, 0x00000000c2900000|  0%| F|  |TAMS 0x00000000c2800000, 0x00000000c2800000| Untracked 
|  15|0x00000000c2900000, 0x00000000c2900000, 0x00000000c2a00000|  0%| F|  |TAMS 0x00000000c2900000, 0x00000000c2900000| Untracked 
|  16|0x00000000c2a00000, 0x00000000c2a00000, 0x00000000c2b00000|  0%| F|  |TAMS 0x00000000c2a00000, 0x00000000c2a00000| Untracked 
|  17|0x00000000c2b00000, 0x00000000c2b00000, 0x00000000c2c00000|  0%| F|  |TAMS 0x00000000c2b00000, 0x00000000c2b00000| Untracked 
|  18|0x00000000c2c00000, 0x00000000c2c00000, 0x00000000c2d00000|  0%| F|  |TAMS 0x00000000c2c00000, 0x00000000c2c00000| Untracked 
|  19|0x00000000c2d00000, 0x00000000c2d00000, 0x00000000c2e00000|  0%| F|  |TAMS 0x00000000c2d00000, 0x00000000c2d00000| Untracked 
|  20|0x00000000c2e00000, 0x00000000c2e00000, 0x00000000c2f00000|  0%| F|  |TAMS 0x00000000c2e00000, 0x00000000c2e00000| Untracked 
|  21|0x00000000c2f00000, 0x00000000c2f00000, 0x00000000c3000000|  0%| F|  |TAMS 0x00000000c2f00000, 0x00000000c2f00000| Untracked 
|  22|0x00000000c3000000, 0x00000000c3000000, 0x00000000c3100000|  0%| F|  |TAMS 0x00000000c3000000, 0x00000000c3000000| Untracked 
|  23|0x00000000c3100000, 0x00000000c3100000, 0x00000000c3200000|  0%| F|  |TAMS 0x00000000c3100000, 0x00000000c3100000| Untracked 
|  24|0x00000000c3200000, 0x00000000c3200000, 0x00000000c3300000|  0%| F|  |TAMS 0x00000000c3200000, 0x00000000c3200000| Untracked 
|  25|0x00000000c3300000, 0x00000000c3300000, 0x00000000c3400000|  0%| F|  |TAMS 0x00000000c3300000, 0x00000000c3300000| Untracked 
|  26|0x00000000c3400000, 0x00000000c3400000, 0x00000000c3500000|  0%| F|  |TAMS 0x00000000c3400000, 0x00000000c3400000| Untracked 
|  27|0x00000000c3500000, 0x00000000c3500000, 0x00000000c3600000|  0%| F|  |TAMS 0x00000000c3500000, 0x00000000c3500000| Untracked 
|  28|0x00000000c3600000, 0x00000000c3600000, 0x00000000c3700000|  0%| F|  |TAMS 0x00000000c3600000, 0x00000000c3600000| Untracked 
|  29|0x00000000c3700000, 0x00000000c3700000, 0x00000000c3800000|  0%| F|  |TAMS 0x00000000c3700000, 0x00000000c3700000| Untracked 
|  30|0x00000000c3800000, 0x00000000c3800000, 0x00000000c3900000|  0%| F|  |TAMS 0x00000000c3800000, 0x00000000c3800000| Untracked 
|  31|0x00000000c3900000, 0x00000000c3900000, 0x00000000c3a00000|  0%| F|  |TAMS 0x00000000c3900000, 0x00000000c3900000| Untracked 
|  32|0x00000000c3a00000, 0x00000000c3a00000, 0x00000000c3b00000|  0%| F|  |TAMS 0x00000000c3a00000, 0x00000000c3a00000| Untracked 
|  33|0x00000000c3b00000, 0x00000000c3b00000, 0x00000000c3c00000|  0%| F|  |TAMS 0x00000000c3b00000, 0x00000000c3b00000| Untracked 
|  34|0x00000000c3c00000, 0x00000000c3c00000, 0x00000000c3d00000|  0%| F|  |TAMS 0x00000000c3c00000, 0x00000000c3c00000| Untracked 
|  35|0x00000000c3d00000, 0x00000000c3d00000, 0x00000000c3e00000|  0%| F|  |TAMS 0x00000000c3d00000, 0x00000000c3d00000| Untracked 
|  36|0x00000000c3e00000, 0x00000000c3e00000, 0x00000000c3f00000|  0%| F|  |TAMS 0x00000000c3e00000, 0x00000000c3e00000| Untracked 
|  37|0x00000000c3f00000, 0x00000000c3f00000, 0x00000000c4000000|  0%| F|  |TAMS 0x00000000c3f00000, 0x00000000c3f00000| Untracked 
|  38|0x00000000c4000000, 0x00000000c4000000, 0x00000000c4100000|  0%| F|  |TAMS 0x00000000c4000000, 0x00000000c4000000| Untracked 
|  39|0x00000000c4100000, 0x00000000c4100000, 0x00000000c4200000|  0%| F|  |TAMS 0x00000000c4100000, 0x00000000c4100000| Untracked 
|  40|0x00000000c4200000, 0x00000000c4200000, 0x00000000c4300000|  0%| F|  |TAMS 0x00000000c4200000, 0x00000000c4200000| Untracked 
|  41|0x00000000c4300000, 0x00000000c4300000, 0x00000000c4400000|  0%| F|  |TAMS 0x00000000c4300000, 0x00000000c4300000| Untracked 
|  42|0x00000000c4400000, 0x00000000c4400000, 0x00000000c4500000|  0%| F|  |TAMS 0x00000000c4400000, 0x00000000c4400000| Untracked 
|  43|0x00000000c4500000, 0x00000000c4500000, 0x00000000c4600000|  0%| F|  |TAMS 0x00000000c4500000, 0x00000000c4500000| Untracked 
|  44|0x00000000c4600000, 0x00000000c4600000, 0x00000000c4700000|  0%| F|  |TAMS 0x00000000c4600000, 0x00000000c4600000| Untracked 
|  45|0x00000000c4700000, 0x00000000c4700000, 0x00000000c4800000|  0%| F|  |TAMS 0x00000000c4700000, 0x00000000c4700000| Untracked 
|  46|0x00000000c4800000, 0x00000000c4800000, 0x00000000c4900000|  0%| F|  |TAMS 0x00000000c4800000, 0x00000000c4800000| Untracked 
|  47|0x00000000c4900000, 0x00000000c4900000, 0x00000000c4a00000|  0%| F|  |TAMS 0x00000000c4900000, 0x00000000c4900000| Untracked 
|  48|0x00000000c4a00000, 0x00000000c4a00000, 0x00000000c4b00000|  0%| F|  |TAMS 0x00000000c4a00000, 0x00000000c4a00000| Untracked 
|  49|0x00000000c4b00000, 0x00000000c4b00000, 0x00000000c4c00000|  0%| F|  |TAMS 0x00000000c4b00000, 0x00000000c4b00000| Untracked 
|  50|0x00000000c4c00000, 0x00000000c4c00000, 0x00000000c4d00000|  0%| F|  |TAMS 0x00000000c4c00000, 0x00000000c4c00000| Untracked 
|  51|0x00000000c4d00000, 0x00000000c4d00000, 0x00000000c4e00000|  0%| F|  |TAMS 0x00000000c4d00000, 0x00000000c4d00000| Untracked 
|  52|0x00000000c4e00000, 0x00000000c4e00000, 0x00000000c4f00000|  0%| F|  |TAMS 0x00000000c4e00000, 0x00000000c4e00000| Untracked 
|  53|0x00000000c4f00000, 0x00000000c4f00000, 0x00000000c5000000|  0%| F|  |TAMS 0x00000000c4f00000, 0x00000000c4f00000| Untracked 
|  54|0x00000000c5000000, 0x00000000c5000000, 0x00000000c5100000|  0%| F|  |TAMS 0x00000000c5000000, 0x00000000c5000000| Untracked 
|  55|0x00000000c5100000, 0x00000000c5100000, 0x00000000c5200000|  0%| F|  |TAMS 0x00000000c5100000, 0x00000000c5100000| Untracked 
|  56|0x00000000c5200000, 0x00000000c5200000, 0x00000000c5300000|  0%| F|  |TAMS 0x00000000c5200000, 0x00000000c5200000| Untracked 
|  57|0x00000000c5300000, 0x00000000c5300000, 0x00000000c5400000|  0%| F|  |TAMS 0x00000000c5300000, 0x00000000c5300000| Untracked 
|  58|0x00000000c5400000, 0x00000000c5400000, 0x00000000c5500000|  0%| F|  |TAMS 0x00000000c5400000, 0x00000000c5400000| Untracked 
|  59|0x00000000c5500000, 0x00000000c5500000, 0x00000000c5600000|  0%| F|  |TAMS 0x00000000c5500000, 0x00000000c5500000| Untracked 
|  60|0x00000000c5600000, 0x00000000c5600000, 0x00000000c5700000|  0%| F|  |TAMS 0x00000000c5600000, 0x00000000c5600000| Untracked 
|  61|0x00000000c5700000, 0x00000000c5700000, 0x00000000c5800000|  0%| F|  |TAMS 0x00000000c5700000, 0x00000000c5700000| Untracked 
|  62|0x00000000c5800000, 0x00000000c5888a08, 0x00000000c5900000| 53%| S|CS|TAMS 0x00000000c5800000, 0x00000000c5800000| Complete 
|  63|0x00000000c5900000, 0x00000000c592e158, 0x00000000c5a00000| 18%| E|  |TAMS 0x00000000c5900000, 0x00000000c5900000| Complete 

Card table byte_map: [0x0000026534370000,0x0000026534570000] _byte_map_base: 0x0000026533d63000

Marking Bits (Prev, Next): (CMBitMap*) 0x000002651b15dcd0, (CMBitMap*) 0x000002651b15dd10
 Prev Bits: [0x0000026534770000, 0x0000026535708000)
 Next Bits: [0x0000026535710000, 0x00000265366a8000)

Polling page: 0x000002651af00000

Metaspace:

Usage:
  Non-class:      4.00 MB capacity,   177.76 KB (  4%) used,     3.83 MB ( 96%) free+waste,   128 bytes ( <1%) overhead. 
      Class:    386.00 KB capacity,     5.75 KB (  1%) used,   380.12 KB ( 98%) free+waste,   128 bytes ( <1%) overhead. 
       Both:      4.38 MB capacity,   183.51 KB (  4%) used,     4.20 MB ( 96%) free+waste,   256 bytes ( <1%) overhead. 

Virtual space:
  Non-class space:       16.00 MB reserved,       4.25 MB ( 27%) committed 
      Class space:        1.00 GB reserved,     512.00 KB ( <1%) committed 
             Both:        1.02 GB reserved,       4.75 MB ( <1%) committed 

Chunk freelists:
   Non-Class:  0 bytes
       Class:  0 bytes
        Both:  0 bytes

MaxMetaspaceSize: 17179869184.00 GB
CompressedClassSpaceSize: 1.00 GB

CodeHeap 'non-profiled nmethods': size=120000Kb used=16Kb max_used=16Kb free=119983Kb
 bounds [0x000002652c620000, 0x000002652c890000, 0x0000026533b50000]
CodeHeap 'profiled nmethods': size=120000Kb used=91Kb max_used=91Kb free=119908Kb
 bounds [0x00000265250f0000, 0x0000026525360000, 0x000002652c620000]
CodeHeap 'non-nmethods': size=5760Kb used=1050Kb max_used=1064Kb free=4709Kb
 bounds [0x0000026524b50000, 0x0000026524dc0000, 0x00000265250f0000]
 total_blobs=343 nmethods=70 adapters=186
 compilation: enabled
              stopped_count=0, restarted_count=0
 full_count=0

Compilation events (20 events):
Event: 0.047 Thread 0x0000026538c81ab0   58       1       java.lang.module.ModuleDescriptor$Exports::targets (5 bytes)
Event: 0.047 Thread 0x0000026538c81ab0 nmethod 58 0x000002652c622f90 code [0x000002652c623120, 0x000002652c6231d8]
Event: 0.047 Thread 0x0000026538c81ab0   61       1       java.lang.module.ModuleDescriptor::isOpen (5 bytes)
Event: 0.047 Thread 0x0000026538c81ab0 nmethod 61 0x000002652c623290 code [0x000002652c623420, 0x000002652c6234d8]
Event: 0.047 Thread 0x0000026538c81ab0   62       3       java.util.HashMap::putIfAbsent (13 bytes)
Event: 0.047 Thread 0x0000026538c7ebe0   64       4       java.lang.String::hashCode (60 bytes)
Event: 0.048 Thread 0x0000026538c81ab0 nmethod 62 0x0000026525103990 code [0x0000026525103b40, 0x0000026525103e38]
Event: 0.048 Thread 0x0000026538c81ab0   65       1       java.lang.Module::getDescriptor (5 bytes)
Event: 0.048 Thread 0x0000026538c81ab0 nmethod 65 0x000002652c623990 code [0x000002652c623b20, 0x000002652c623bd8]
Event: 0.048 Thread 0x0000026538c81ab0   66       3       java.util.HashMap::resize (356 bytes)
Event: 0.049 Thread 0x0000026538c81ab0 nmethod 66 0x0000026525103f90 code [0x0000026525104240, 0x0000026525105748]
Event: 0.049 Thread 0x0000026538c81ab0   67       3       java.util.ImmutableCollections$Set12$1::next (95 bytes)
Event: 0.049 Thread 0x0000026538c81ab0 nmethod 67 0x0000026525105c10 code [0x0000026525105dc0, 0x0000026525106068]
Event: 0.049 Thread 0x0000026538c81ab0   68       3       java.util.ImmutableCollections$SetN::iterator (9 bytes)
Event: 0.049 Thread 0x0000026538c81ab0 nmethod 68 0x0000026525106190 code [0x0000026525106340, 0x00000265251064e8]
Event: 0.052 Thread 0x0000026538c81ab0   69       3       java.lang.AbstractStringBuilder::ensureCapacityInternal (39 bytes)
Event: 0.052 Thread 0x0000026538c81ab0 nmethod 69 0x0000026525106590 code [0x0000026525106740, 0x0000026525106958]
Event: 0.053 Thread 0x0000026538c7ebe0 nmethod 64 0x000002652c623c90 code [0x000002652c623e20, 0x000002652c624018]
Event: 0.054 Thread 0x0000026538c81ab0   70       3       java.lang.Math::min (11 bytes)
Event: 0.054 Thread 0x0000026538c81ab0 nmethod 70 0x0000026525106a90 code [0x0000026525106c20, 0x0000026525106d58]

GC Heap History (2 events):
Event: 0.055 GC heap before
{Heap before GC invocations=0 (full 0):
 garbage-first heap   total 65536K, used 0K [0x00000000c1a00000, 0x0000000100000000)
  region size 1024K, 1 young (1024K), 0 survivors (0K)
 Metaspace       used 180K, capacity 4480K, committed 4480K, reserved 1064960K
  class space    used 5K, capacity 384K, committed 384K, reserved 1048576K
}
Event: 0.056 GC heap after
{Heap after GC invocations=1 (full 0):
 garbage-first heap   total 65536K, used 546K [0x00000000c1a00000, 0x0000000100000000)
  region size 1024K, 1 young (1024K), 1 survivors (1024K)
 Metaspace       used 180K, capacity 4480K, committed 4480K, reserved 1064960K
  class space    used 5K, capacity 384K, committed 384K, reserved 1048576K
}

Deoptimization events (4 events):
Event: 0.054 Thread 0x000002651b132610 Uncommon trap: trap_request=0xffffff45 fr.pc=0x000002652c623fdc relative=0x00000000000001bc
Event: 0.054 Thread 0x000002651b132610 Uncommon trap: reason=unstable_if action=reinterpret pc=0x000002652c623fdc method=java.lang.String.hashCode()I @ 13 c2
Event: 0.054 Thread 0x000002651b132610 DEOPT PACKING pc=0x000002652c623fdc sp=0x000000b24f0fe040
Event: 0.054 Thread 0x000002651b132610 DEOPT UNPACKING pc=0x0000026524b9e42f sp=0x000000b24f0fdfd0 mode 2

Classes unloaded (0 events):
No events

Classes redefined (0 events):
No events

Internal exceptions (0 events):
No events

Events (20 events):
Event: 0.026 Thread 0x0000026538c74e70 Thread added: 0x0000026538c74e70
Event: 0.026 Thread 0x0000026538c77930 Thread added: 0x0000026538c77930
Event: 0.027 Thread 0x0000026538c783e0 Thread added: 0x0000026538c783e0
Event: 0.027 Thread 0x0000026538c7ebe0 Thread added: 0x0000026538c7ebe0
Event: 0.027 Thread 0x0000026538c81ab0 Thread added: 0x0000026538c81ab0
Event: 0.027 Thread 0x0000026538c8a4b0 Thread added: 0x0000026538c8a4b0
Event: 0.049 Thread 0x00000265396fff10 Thread added: 0x00000265396fff10
Event: 0.050 loading class java/lang/StringCoding$StringEncoder
Event: 0.051 loading class java/lang/StringCoding$StringEncoder done
Event: 0.052 loading class jdk/internal/loader/URLClassPath$FileLoader
Event: 0.052 loading class jdk/internal/loader/URLClassPath$FileLoader done
Event: 0.053 loading class jdk/internal/loader/URLClassPath$FileLoader$1
Event: 0.053 loading class jdk/internal/loader/URLClassPath$FileLoader$1 done
Event: 0.054 Thread 0x000002653970c0b0 Thread added: 0x000002653970c0b0
Event: 0.055 Executing VM operation: CollectForMetadataAllocation
Event: 0.056 Executing VM operation: CollectForMetadataAllocation done
Event: 0.056 Executing VM operation: HandshakeAllThreads
Event: 0.056 Executing VM operation: HandshakeAllThreads done
Event: 0.057 loading class java/awt/Component
Event: 0.057 Executing VM operation: G1Concurrent


Dynamic libraries:
0x00007ff6b2e10000 - 0x00007ff6b2e1f000 	C:\Program Files\Java\jdk-15.0.1\bin\java.exe
0x00007ffbc13d0000 - 0x00007ffbc15c4000 	C:\Windows\SYSTEM32\ntdll.dll
0x00007ffbbf530000 - 0x00007ffbbf5ed000 	C:\Windows\System32\KERNEL32.DLL
0x00007ffbbeb20000 - 0x00007ffbbede7000 	C:\Windows\System32\KERNELBASE.dll
0x00007ffbbf2e0000 - 0x00007ffbbf3e0000 	C:\Windows\System32\ucrtbase.dll
0x00007ffbb8fa0000 - 0x00007ffbb8fb8000 	C:\Program Files\Java\jdk-15.0.1\bin\jli.dll
0x00007ffbba6c0000 - 0x00007ffbba6d9000 	C:\Program Files\Java\jdk-15.0.1\bin\VCRUNTIME140.dll
0x00007ffbbf860000 - 0x00007ffbbf90a000 	C:\Windows\System32\ADVAPI32.dll
0x00007ffbc1110000 - 0x00007ffbc11ae000 	C:\Windows\System32\msvcrt.dll
0x00007ffbc02a0000 - 0x00007ffbc033b000 	C:\Windows\System32\sechost.dll
0x00007ffbc11e0000 - 0x00007ffbc1303000 	C:\Windows\System32\RPCRT4.dll
0x00007ffbc0d10000 - 0x00007ffbc0eb0000 	C:\Windows\System32\USER32.dll
0x00007ffbbf110000 - 0x00007ffbbf132000 	C:\Windows\System32\win32u.dll
0x00007ffbaea20000 - 0x00007ffbaecba000 	C:\Windows\WinSxS\amd64_microsoft.windows.common-controls_6595b64144ccf1df_6.0.19041.1_none_b555e41d4684ddec\COMCTL32.dll
0x00007ffbc0eb0000 - 0x00007ffbc0eda000 	C:\Windows\System32\GDI32.dll
0x00007ffbbf000000 - 0x00007ffbbf10a000 	C:\Windows\System32\gdi32full.dll
0x00007ffbbf140000 - 0x00007ffbbf1dd000 	C:\Windows\System32\msvcp_win.dll
0x00007ffbaccb0000 - 0x00007ffbaccba000 	C:\Windows\SYSTEM32\VERSION.dll
0x00007ffbc11b0000 - 0x00007ffbc11e0000 	C:\Windows\System32\IMM32.DLL
0x00007ffbba6b0000 - 0x00007ffbba6bc000 	C:\Program Files\Java\jdk-15.0.1\bin\vcruntime140_1.dll
0x00007ffbb8c00000 - 0x00007ffbb8c91000 	C:\Program Files\Java\jdk-15.0.1\bin\msvcp140.dll
0x00007ffb8cbb0000 - 0x00007ffb8d70e000 	C:\Program Files\Java\jdk-15.0.1\bin\server\jvm.dll
0x00007ffbc0a80000 - 0x00007ffbc0a88000 	C:\Windows\System32\PSAPI.DLL
0x00007ffbba6a0000 - 0x00007ffbba6a9000 	C:\Windows\SYSTEM32\WSOCK32.dll
0x00007ffbb19c0000 - 0x00007ffbb19e7000 	C:\Windows\SYSTEM32\WINMM.dll
0x00007ffbc0b20000 - 0x00007ffbc0b8b000 	C:\Windows\System32\WS2_32.dll
0x00007ffbbcab0000 - 0x00007ffbbcac3000 	C:\Windows\SYSTEM32\kernel.appcore.dll
0x00007ffbb9840000 - 0x00007ffbb984a000 	C:\Program Files\Java\jdk-15.0.1\bin\jimage.dll
0x00007ffbaca50000 - 0x00007ffbacc34000 	C:\Windows\SYSTEM32\DBGHELP.DLL
0x00007ffbaca20000 - 0x00007ffbaca4c000 	C:\Windows\SYSTEM32\dbgcore.DLL
0x00007ffbbf1e0000 - 0x00007ffbbf25f000 	C:\Windows\System32\bcryptPrimitives.dll
0x00007ffbb8bd0000 - 0x00007ffbb8bf5000 	C:\Program Files\Java\jdk-15.0.1\bin\java.dll
0x00007ffbc0340000 - 0x00007ffbc0a74000 	C:\Windows\System32\SHELL32.dll
0x00007ffbbccb0000 - 0x00007ffbbd43e000 	C:\Windows\SYSTEM32\windows.storage.dll
0x00007ffbbfeb0000 - 0x00007ffbc0203000 	C:\Windows\System32\combase.dll
0x00007ffbbe530000 - 0x00007ffbbe55b000 	C:\Windows\SYSTEM32\Wldp.dll
0x00007ffbc0c60000 - 0x00007ffbc0d0e000 	C:\Windows\System32\SHCORE.dll
0x00007ffbbf7a0000 - 0x00007ffbbf7f5000 	C:\Windows\System32\shlwapi.dll
0x00007ffbbea60000 - 0x00007ffbbea7f000 	C:\Windows\SYSTEM32\profapi.dll

dbghelp: loaded successfully - version: 4.0.5 - missing functions: none
symbol engine: initialized successfully - sym options: 0x614 - pdb path: .;C:\Program Files\Java\jdk-15.0.1\bin;C:\Windows\SYSTEM32;C:\Windows\WinSxS\amd64_microsoft.windows.common-controls_6595b64144ccf1df_6.0.19041.1_none_b555e41d4684ddec;C:\Program Files\Java\jdk-15.0.1\bin\server

VM Arguments:
jvm_args: -Dfile.encoding=windows-1251 -Duser.country=RU -Duser.language=ru -Duser.variant 
java_command: StartGame
java_class_path (initial): C:\Users\Niko\AdventureTime_TheGame\build\classes\java\main;C:\Users\Niko\AdventureTime_TheGame\build\resources\main
Launcher Type: SUN_STANDARD

[Global flags]
     intx CICompilerCount                          = 3                                         {product} {ergonomic}
     uint ConcGCThreads                            = 1                                         {product} {ergonomic}
     uint G1ConcRefinementThreads                  = 4                                         {product} {ergonomic}
   size_t G1HeapRegionSize                         = 1048576                                   {product} {ergonomic}
    uintx GCDrainStackTargetSize                   = 64                                        {product} {ergonomic}
   size_t InitialHeapSize                          = 67108864                                  {product} {ergonomic}
   size_t MarkStackSize                            = 4194304                                   {product} {ergonomic}
   size_t MaxHeapSize                              = 1046478848                                {product} {ergonomic}
   size_t MaxNewSize                               = 627048448                                 {product} {ergonomic}
   size_t MinHeapDeltaBytes                        = 1048576                                   {product} {ergonomic}
   size_t MinHeapSize                              = 8388608                                   {product} {ergonomic}
    uintx NonNMethodCodeHeapSize                   = 5832780                                {pd product} {ergonomic}
    uintx NonProfiledCodeHeapSize                  = 122912730                              {pd product} {ergonomic}
    uintx ProfiledCodeHeapSize                     = 122912730                              {pd product} {ergonomic}
    uintx ReservedCodeCacheSize                    = 251658240                              {pd product} {ergonomic}
     bool SegmentedCodeCache                       = true                                      {product} {ergonomic}
   size_t SoftMaxHeapSize                          = 1046478848                             {manageable} {ergonomic}
     bool UseCompressedClassPointers               = true                                 {lp64_product} {ergonomic}
     bool UseCompressedOops                        = true                                 {lp64_product} {ergonomic}
     bool UseG1GC                                  = true                                      {product} {ergonomic}
     bool UseLargePagesIndividualAllocation        = false                                  {pd product} {ergonomic}

Logging:
Log output configuration:
 #0: stdout all=warning uptime,level,tags
 #1: stderr all=off uptime,level,tags

Environment Variables:
PATH=C:\Program Files\Common Files\Oracle\Java\javapath;C:\Windows\SYSTEM32;C:\Windows;C:\Windows\SYSTEM32\WBEM;C:\Windows\SYSTEM32\WINDOWSPOWERSHELL\V1.0\;C:\Windows\SYSTEM32\OPENSSH\;C:\Program Files\Git\cmd;C:\Users\Niko\AppData\Local\Microsoft\WindowsApps;C:\Users\Niko\AppData\Local\Programs\Microsoft VS Code\bin
USERNAME=Niko
OS=Windows_NT
PROCESSOR_IDENTIFIER=Intel64 Family 6 Model 58 Stepping 9, GenuineIntel



---------------  S Y S T E M  ---------------

OS:
 Windows 10 , 64 bit Build 19041 (10.0.19041.292)
OS uptime: 0 days 22:16 hours

CPU: total 4 (initial active 4) (2 cores per cpu, 2 threads per core) family 6 model 58 stepping 9 microcode 0x21, cmov, cx8, fxsr, mmx, sse, sse2, sse3, ssse3, sse4.1, sse4.2, popcnt, vzeroupper, avx, aes, clmul, erms, ht, tsc, tscinvbit, tscinv, clflush

Memory: 4k page, system-wide physical 3988M (393M free)
TotalPageFile size 3988M (AvailPageFile size 3M)
current process WorkingSet (physical memory assigned to process): 26M, peak: 26M
current process commit charge ("private bytes"): 138M, peak: 139M

vm_info: Java HotSpot(TM) 64-Bit Server VM (15.0.1+9-18) for windows-amd64 JRE (15.0.1+9-18), built on Sep 15 2020 14:43:54 by "mach5one" with unknown MS VC++:1925

END.
